[0814/225009:ERROR:process_reader_win.cc(233)] ReadMemory at 0x59ae0000 of 64 bytes failed: 仅完成部分的 ReadProcessMemory 或 WriteProcessMemory 请求。 (0x12B)
[0814/225009:WARNING:pe_image_reader.cc(281)] could not read dos header from C:\Program Files (x86)\Google\Chrome\Application\55.0.2883.87\chrome_child.dll
[0814/225009:ERROR:process_reader_win.cc(233)] ReadMemory at 0x74c20000 of 64 bytes failed: 仅完成部分的 ReadProcessMemory 或 WriteProcessMemory 请求。 (0x12B)
[0814/225009:WARNING:pe_image_reader.cc(281)] could not read dos header from C:\Windows\System32\KERNELBASE.dll
[0814/225009:ERROR:process_reader_win.cc(233)] ReadMemory at 0x751b0000 of 64 bytes failed: 仅完成部分的 ReadProcessMemory 或 WriteProcessMemory 请求。 (0x12B)
[0814/225009:WARNING:pe_image_reader.cc(281)] could not read dos header from C:\Windows\System32\KERNEL32.DLL
[0814/225009:ERROR:process_reader_win.cc(233)] ReadMemory at 0x6ce90000 of 64 bytes failed: 仅完成部分的 ReadProcessMemory 或 WriteProcessMemory 请求。 (0x12B)
[0814/225009:WARNING:pe_image_reader.cc(281)] could not read dos header from C:\Windows\AppPatch\AcGenral.dll
[0814/225009:ERROR:process_reader_win.cc(233)] ReadMemory at 0x77da0000 of 64 bytes failed: 仅完成部分的 ReadProcessMemory 或 WriteProcessMemory 请求。 (0x12B)
[0814/225009:WARNING:pe_image_reader.cc(281)] could not read dos header from C:\Windows\SYSTEM32\ntdll.dll
[0814/225009:ERROR:process_reader_win.cc(233)] ReadMemory at 0x6d530000 of 64 bytes failed: 仅完成部分的 ReadProcessMemory 或 WriteProcessMemory 请求。 (0x12B)
[0814/225009:WARNING:pe_image_reader.cc(281)] could not read dos header from C:\Windows\system32\apphelp.dll
[0814/225009:ERROR:process_reader_win.cc(233)] ReadMemory at 0x74a20000 of 64 bytes failed: 仅完成部分的 ReadProcessMemory 或 WriteProcessMemory 请求。 (0x12B)
[0814/225009:WARNING:pe_image_reader.cc(281)] could not read dos header from C:\Windows\System32\msvcrt.dll
[0814/225009:ERROR:process_reader_win.cc(233)] ReadMemory at 0x74f60000 of 64 bytes failed: 仅完成部分的 ReadProcessMemory 或 WriteProcessMemory 请求。 (0x12B)
[0814/225009:WARNING:pe_image_reader.cc(281)] could not read dos header from C:\Windows\System32\bcryptPrimitives.dll
[0814/225009:ERROR:process_reader_win.cc(233)] ReadMemory at 0x74850000 of 64 bytes failed: 仅完成部分的 ReadProcessMemory 或 WriteProcessMemory 请求。 (0x12B)
[0814/225009:WARNING:pe_image_reader.cc(281)] could not read dos header from C:\Windows\System32\CRYPTBASE.dll
[0814/225009:ERROR:process_reader_win.cc(233)] ReadMemory at 0x74860000 of 64 bytes failed: 仅完成部分的 ReadProcessMemory 或 WriteProcessMemory 请求。 (0x12B)
[0814/225009:WARNING:pe_image_reader.cc(281)] could not read dos header from C:\Windows\System32\SspiCli.dll
[0814/225009:ERROR:process_reader_win.cc(233)] ReadMemory at 0x752a0000 of 64 bytes failed: 仅完成部分的 ReadProcessMemory 或 WriteProcessMemory 请求。 (0x12B)
[0814/225009:WARNING:pe_image_reader.cc(281)] could not read dos header from C:\Windows\System32\RPCRT4.dll
[0814/225009:ERROR:process_reader_win.cc(233)] ReadMemory at 0x74ae0000 of 64 bytes failed: 仅完成部分的 ReadProcessMemory 或 WriteProcessMemory 请求。 (0x12B)
[0814/225009:WARNING:pe_image_reader.cc(281)] could not read dos header from C:\Windows\System32\sechost.dll
[0814/225009:ERROR:process_reader_win.cc(233)] ReadMemory at 0x76bd0000 of 64 bytes failed: 仅完成部分的 ReadProcessMemory 或 WriteProcessMemory 请求。 (0x12B)
[0814/225009:WARNING:pe_image_reader.cc(281)] could not read dos header from C:\Windows\System32\ucrtbase.dll
[0814/225009:ERROR:process_reader_win.cc(233)] ReadMemory at 0x77280000 of 64 bytes failed: 仅完成部分的 ReadProcessMemory 或 WriteProcessMemory 请求。 (0x12B)
[0814/225009:WARNING:pe_image_reader.cc(281)] could not read dos header from C:\Windows\System32\combase.dll
[0814/225009:ERROR:process_reader_win.cc(233)] ReadMemory at 0x74dd0000 of 64 bytes failed: 仅完成部分的 ReadProcessMemory 或 WriteProcessMemory 请求。 (0x12B)
[0814/225009:WARNING:pe_image_reader.cc(281)] could not read dos header from C:\Windows\System32\win32u.dll
[0814/225009:ERROR:process_reader_win.cc(233)] ReadMemory at 0x74df0000 of 64 bytes failed: 仅完成部分的 ReadProcessMemory 或 WriteProcessMemory 请求。 (0x12B)
[0814/225009:WARNING:pe_image_reader.cc(281)] could not read dos header from C:\Windows\System32\USER32.dll
[0814/225009:ERROR:process_reader_win.cc(233)] ReadMemory at 0x75050000 of 64 bytes failed: 仅完成部分的 ReadProcessMemory 或 WriteProcessMemory 请求。 (0x12B)
[0814/225009:WARNING:pe_image_reader.cc(281)] could not read dos header from C:\Windows\System32\gdi32full.dll
[0814/225009:ERROR:process_reader_win.cc(233)] ReadMemory at 0x75680000 of 64 bytes failed: 仅完成部分的 ReadProcessMemory 或 WriteProcessMemory 请求。 (0x12B)
[0814/225009:WARNING:pe_image_reader.cc(281)] could not read dos header from C:\Windows\System32\GDI32.dll
[0814/225009:ERROR:process_reader_win.cc(233)] ReadMemory at 0x778e0000 of 64 bytes failed: 仅完成部分的 ReadProcessMemory 或 WriteProcessMemory 请求。 (0x12B)
[0814/225009:WARNING:pe_image_reader.cc(281)] could not read dos header from C:\Windows\System32\IMM32.DLL
[0814/225009:ERROR:process_reader_win.cc(233)] ReadMemory at 0x77590000 of 64 bytes failed: 仅完成部分的 ReadProcessMemory 或 WriteProcessMemory 请求。 (0x12B)
[0814/225009:WARNING:pe_image_reader.cc(281)] could not read dos header from C:\Windows\System32\SHLWAPI.dll
[0814/225009:ERROR:process_reader_win.cc(233)] ReadMemory at 0x72a50000 of 64 bytes failed: 仅完成部分的 ReadProcessMemory 或 WriteProcessMemory 请求。 (0x12B)
[0814/225009:WARNING:pe_image_reader.cc(281)] could not read dos header from C:\Windows\SYSTEM32\UxTheme.dll
[0814/225009:ERROR:process_reader_win.cc(233)] ReadMemory at 0x774a0000 of 64 bytes failed: 仅完成部分的 ReadProcessMemory 或 WriteProcessMemory 请求。 (0x12B)
[0814/225009:WARNING:pe_image_reader.cc(281)] could not read dos header from C:\Windows\System32\cfgmgr32.dll
[0814/225009:ERROR:process_reader_win.cc(233)] ReadMemory at 0x743d0000 of 64 bytes failed: 仅完成部分的 ReadProcessMemory 或 WriteProcessMemory 请求。 (0x12B)
[0814/225009:WARNING:pe_image_reader.cc(281)] could not read dos header from C:\Windows\SYSTEM32\WINMMBASE.dll
[0814/225009:ERROR:process_reader_win.cc(233)] ReadMemory at 0x74400000 of 64 bytes failed: 仅完成部分的 ReadProcessMemory 或 WriteProcessMemory 请求。 (0x12B)
[0814/225009:WARNING:pe_image_reader.cc(281)] could not read dos header from C:\Windows\SYSTEM32\WINMM.dll
[0814/225009:ERROR:process_reader_win.cc(233)] ReadMemory at 0x74250000 of 64 bytes failed: 仅完成部分的 ReadProcessMemory 或 WriteProcessMemory 请求。 (0x12B)
[0814/225009:WARNING:pe_image_reader.cc(281)] could not read dos header from C:\Windows\SYSTEM32\samcli.dll
[0814/225009:ERROR:process_reader_win.cc(233)] ReadMemory at 0x74930000 of 64 bytes failed: 仅完成部分的 ReadProcessMemory 或 WriteProcessMemory 请求。 (0x12B)
[0814/225009:WARNING:pe_image_reader.cc(281)] could not read dos header from C:\Windows\System32\ole32.dll
[0814/225009:ERROR:process_reader_win.cc(233)] ReadMemory at 0x777c0000 of 64 bytes failed: 仅完成部分的 ReadProcessMemory 或 WriteProcessMemory 请求。 (0x12B)
[0814/225009:WARNING:pe_image_reader.cc(281)] could not read dos header from C:\Windows\System32\msvcp_win.dll
[0814/225009:ERROR:process_reader_win.cc(233)] ReadMemory at 0x774f0000 of 64 bytes failed: 仅完成部分的 ReadProcessMemory 或 WriteProcessMemory 请求。 (0x12B)
[0814/225009:WARNING:pe_image_reader.cc(281)] could not read dos header from C:\Windows\System32\OLEAUT32.dll
[0814/225009:ERROR:process_reader_win.cc(233)] ReadMemory at 0x77650000 of 64 bytes failed: 仅完成部分的 ReadProcessMemory 或 WriteProcessMemory 请求。 (0x12B)
[0814/225009:WARNING:pe_image_reader.cc(281)] could not read dos header from C:\Windows\System32\advapi32.dll
[0814/225009:ERROR:process_reader_win.cc(233)] ReadMemory at 0x735e0000 of 64 bytes failed: 仅完成部分的 ReadProcessMemory 或 WriteProcessMemory 请求。 (0x12B)
[0814/225009:WARNING:pe_image_reader.cc(281)] could not read dos header from C:\Windows\SYSTEM32\MSACM32.dll
[0814/225009:ERROR:process_reader_win.cc(233)] ReadMemory at 0x74810000 of 64 bytes failed: 仅完成部分的 ReadProcessMemory 或 WriteProcessMemory 请求。 (0x12B)
[0814/225009:WARNING:pe_image_reader.cc(281)] could not read dos header from C:\Windows\SYSTEM32\VERSION.dll
[0814/225009:ERROR:process_reader_win.cc(233)] ReadMemory at 0x74880000 of 64 bytes failed: 仅完成部分的 ReadProcessMemory 或 WriteProcessMemory 请求。 (0x12B)
[0814/225009:WARNING:pe_image_reader.cc(281)] could not read dos header from C:\Windows\System32\powrprof.dll
[0814/225009:ERROR:process_reader_win.cc(233)] ReadMemory at 0x77d20000 of 64 bytes failed: 仅完成部分的 ReadProcessMemory 或 WriteProcessMemory 请求。 (0x12B)
[0814/225009:WARNING:pe_image_reader.cc(281)] could not read dos header from C:\Windows\System32\kernel.appcore.dll
[0814/225009:ERROR:process_reader_win.cc(233)] ReadMemory at 0x776d0000 of 64 bytes failed: 仅完成部分的 ReadProcessMemory 或 WriteProcessMemory 请求。 (0x12B)
[0814/225009:WARNING:pe_image_reader.cc(281)] could not read dos header from C:\Windows\System32\shcore.dll
[0814/225009:ERROR:process_reader_win.cc(233)] ReadMemory at 0x775e0000 of 64 bytes failed: 仅完成部分的 ReadProcessMemory 或 WriteProcessMemory 请求。 (0x12B)
[0814/225009:WARNING:pe_image_reader.cc(281)] could not read dos header from C:\Windows\System32\profapi.dll
[0814/225009:ERROR:process_reader_win.cc(233)] ReadMemory at 0x76cc0000 of 64 bytes failed: 仅完成部分的 ReadProcessMemory 或 WriteProcessMemory 请求。 (0x12B)
[0814/225009:WARNING:pe_image_reader.cc(281)] could not read dos header from C:\Windows\System32\windows.storage.dll
[0814/225009:ERROR:process_reader_win.cc(233)] ReadMemory at 0x757f0000 of 64 bytes failed: 仅完成部分的 ReadProcessMemory 或 WriteProcessMemory 请求。 (0x12B)
[0814/225009:WARNING:pe_image_reader.cc(281)] could not read dos header from C:\Windows\System32\SHELL32.dll
[0814/225009:ERROR:process_reader_win.cc(233)] ReadMemory at 0x74830000 of 64 bytes failed: 仅完成部分的 ReadProcessMemory 或 WriteProcessMemory 请求。 (0x12B)
[0814/225009:WARNING:pe_image_reader.cc(281)] could not read dos header from C:\Windows\SYSTEM32\USERENV.dll
[0814/225009:ERROR:process_reader_win.cc(233)] ReadMemory at 0x72a30000 of 64 bytes failed: 仅完成部分的 ReadProcessMemory 或 WriteProcessMemory 请求。 (0x12B)
[0814/225009:WARNING:pe_image_reader.cc(281)] could not read dos header from C:\Windows\SYSTEM32\dwmapi.dll
[0814/225009:ERROR:process_reader_win.cc(233)] ReadMemory at 0x72c70000 of 64 bytes failed: 仅完成部分的 ReadProcessMemory 或 WriteProcessMemory 请求。 (0x12B)
[0814/225009:WARNING:pe_image_reader.cc(281)] could not read dos header from C:\Windows\SYSTEM32\iertutil.dll
[0814/225009:ERROR:process_reader_win.cc(233)] ReadMemory at 0x72ad0000 of 64 bytes failed: 仅完成部分的 ReadProcessMemory 或 WriteProcessMemory 请求。 (0x12B)
[0814/225009:WARNING:pe_image_reader.cc(281)] could not read dos header from C:\Windows\SYSTEM32\urlmon.dll
[0814/225009:ERROR:process_reader_win.cc(233)] ReadMemory at 0x73860000 of 64 bytes failed: 仅完成部分的 ReadProcessMemory 或 WriteProcessMemory 请求。 (0x12B)
[0814/225009:WARNING:pe_image_reader.cc(281)] could not read dos header from C:\Windows\SYSTEM32\bcrypt.dll
[0814/225009:ERROR:process_reader_win.cc(233)] ReadMemory at 0x72020000 of 64 bytes failed: 仅完成部分的 ReadProcessMemory 或 WriteProcessMemory 请求。 (0x12B)
[0814/225009:WARNING:pe_image_reader.cc(281)] could not read dos header from C:\Windows\SYSTEM32\WINSPOOL.DRV
[0814/225009:ERROR:process_reader_win.cc(233)] ReadMemory at 0x71670000 of 64 bytes failed: 仅完成部分的 ReadProcessMemory 或 WriteProcessMemory 请求。 (0x12B)
[0814/225009:WARNING:pe_image_reader.cc(281)] could not read dos header from C:\Windows\SYSTEM32\MPR.dll
[0814/225009:ERROR:process_reader_win.cc(233)] ReadMemory at 0x5f270000 of 64 bytes failed: 仅完成部分的 ReadProcessMemory 或 WriteProcessMemory 请求。 (0x12B)
[0814/225009:WARNING:pe_image_reader.cc(281)] could not read dos header from C:\Program Files (x86)\Google\Chrome\Application\55.0.2883.87\chrome_elf.dll
[0814/225009:ERROR:process_reader_win.cc(233)] ReadMemory at 0x75290000 of 64 bytes failed: 仅完成部分的 ReadProcessMemory 或 WriteProcessMemory 请求。 (0x12B)
[0814/225009:WARNING:pe_image_reader.cc(281)] could not read dos header from C:\Windows\System32\PSAPI.DLL
[0814/225009:ERROR:process_reader_win.cc(233)] ReadMemory at 0x74820000 of 64 bytes failed: 仅完成部分的 ReadProcessMemory 或 WriteProcessMemory 请求。 (0x12B)
[0814/225009:WARNING:pe_image_reader.cc(281)] could not read dos header from C:\Windows\SYSTEM32\WTSAPI32.dll
[0814/225009:ERROR:process_reader_win.cc(233)] ReadMemory at 0x74140000 of 64 bytes failed: 仅完成部分的 ReadProcessMemory 或 WriteProcessMemory 请求。 (0x12B)
[0814/225009:WARNING:pe_image_reader.cc(281)] could not read dos header from C:\Windows\SYSTEM32\WINHTTP.dll
[0814/225009:ERROR:process_reader_win.cc(233)] ReadMemory at 0x73590000 of 64 bytes failed: 仅完成部分的 ReadProcessMemory 或 WriteProcessMemory 请求。 (0x12B)
[0814/225009:WARNING:pe_image_reader.cc(281)] could not read dos header from C:\Windows\SYSTEM32\ninput.dll
[0814/225009:ERROR:process_reader_win.cc(233)] ReadMemory at 0x73ab0000 of 64 bytes failed: 仅完成部分的 ReadProcessMemory 或 WriteProcessMemory 请求。 (0x12B)
[0814/225009:WARNING:pe_image_reader.cc(281)] could not read dos header from C:\Windows\SYSTEM32\dbghelp.dll
[0814/225009:ERROR:process_reader_win.cc(233)] ReadMemory at 0x77d30000 of 64 bytes failed: 仅完成部分的 ReadProcessMemory 或 WriteProcessMemory 请求。 (0x12B)
[0814/225009:WARNING:pe_image_reader.cc(281)] could not read dos header from C:\Windows\System32\WS2_32.dll
[0814/225009:ERROR:process_reader_win.cc(233)] ReadMemory at 0x74700000 of 64 bytes failed: 仅完成部分的 ReadProcessMemory 或 WriteProcessMemory 请求。 (0x12B)
[0814/225009:WARNING:pe_image_reader.cc(281)] could not read dos header from C:\Windows\SYSTEM32\NETAPI32.dll
[0814/225009:ERROR:process_reader_win.cc(233)] ReadMemory at 0x72610000 of 64 bytes failed: 仅完成部分的 ReadProcessMemory 或 WriteProcessMemory 请求。 (0x12B)
[0814/225009:WARNING:pe_image_reader.cc(281)] could not read dos header from C:\Windows\SYSTEM32\WKSCLI.DLL
[0814/225009:ERROR:process_reader_win.cc(233)] ReadMemory at 0x74240000 of 64 bytes failed: 仅完成部分的 ReadProcessMemory 或 WriteProcessMemory 请求。 (0x12B)
[0814/225009:WARNING:pe_image_reader.cc(281)] could not read dos header from C:\Windows\SYSTEM32\NETUTILS.DLL
[0814/225009:ERROR:process_reader_win.cc(233)] ReadMemory at 0x6f110000 of 64 bytes failed: 仅完成部分的 ReadProcessMemory 或 WriteProcessMemory 请求。 (0x12B)
[0814/225009:WARNING:pe_image_reader.cc(281)] could not read dos header from E:\360\360Safe\safemon\safemon.dll
[0814/225009:ERROR:process_reader_win.cc(233)] ReadMemory at 0x5f230000 of 64 bytes failed: 仅完成部分的 ReadProcessMemory 或 WriteProcessMemory 请求。 (0x12B)
[0814/225009:WARNING:pe_image_reader.cc(281)] could not read dos header from E:\360\360Safe\safemon\iNetSafe.dll
[0814/225009:ERROR:process_reader_win.cc(233)] ReadMemory at 0x723d0000 of 64 bytes failed: 仅完成部分的 ReadProcessMemory 或 WriteProcessMemory 请求。 (0x12B)
[0814/225009:WARNING:pe_image_reader.cc(281)] could not read dos header from C:\Windows\WinSxS\x86_microsoft.windows.common-controls_6595b64144ccf1df_6.0.14393.953_none_89c2555adb023171\COMCTL32.dll
[0814/225009:ERROR:process_reader_win.cc(233)] ReadMemory at 0x74b30000 of 64 bytes failed: 仅完成部分的 ReadProcessMemory 或 WriteProcessMemory 请求。 (0x12B)
[0814/225009:WARNING:pe_image_reader.cc(281)] could not read dos header from C:\Windows\System32\COMDLG32.dll
[0814/225009:ERROR:process_reader_win.cc(233)] ReadMemory at 0x72660000 of 64 bytes failed: 仅完成部分的 ReadProcessMemory 或 WriteProcessMemory 请求。 (0x12B)
[0814/225009:WARNING:pe_image_reader.cc(281)] could not read dos header from C:\Windows\SYSTEM32\USP10.dll
[0814/225009:ERROR:process_reader_win.cc(233)] ReadMemory at 0x746d0000 of 64 bytes failed: 仅完成部分的 ReadProcessMemory 或 WriteProcessMemory 请求。 (0x12B)
[0814/225009:WARNING:pe_image_reader.cc(281)] could not read dos header from C:\Windows\SYSTEM32\IPHLPAPI.DLL
[0814/225009:ERROR:process_reader_win.cc(233)] ReadMemory at 0x74380000 of 64 bytes failed: 仅完成部分的 ReadProcessMemory 或 WriteProcessMemory 请求。 (0x12B)
[0814/225009:WARNING:pe_image_reader.cc(281)] could not read dos header from C:\Windows\SYSTEM32\Secur32.dll
[0814/225009:ERROR:process_reader_win.cc(233)] ReadMemory at 0x6de10000 of 64 bytes failed: 仅完成部分的 ReadProcessMemory 或 WriteProcessMemory 请求。 (0x12B)
[0814/225009:WARNING:pe_image_reader.cc(281)] could not read dos header from C:\Windows\SYSTEM32\DWrite.dll
[0814/225009:ERROR:process_reader_win.cc(233)] ReadMemory at 0x76cb0000 of 64 bytes failed: 仅完成部分的 ReadProcessMemory 或 WriteProcessMemory 请求。 (0x12B)
[0814/225009:WARNING:pe_image_reader.cc(281)] could not read dos header from C:\Windows\System32\MSASN1.dll
[0814/225009:ERROR:process_reader_win.cc(233)] ReadMemory at 0x75370000 of 64 bytes failed: 仅完成部分的 ReadProcessMemory 或 WriteProcessMemory 请求。 (0x12B)
[0814/225009:WARNING:pe_image_reader.cc(281)] could not read dos header from C:\Windows\System32\CRYPT32.dll
[0814/225009:ERROR:process_reader_win.cc(233)] ReadMemory at 0x77230000 of 64 bytes failed: 仅完成部分的 ReadProcessMemory 或 WriteProcessMemory 请求。 (0x12B)
[0814/225009:WARNING:pe_image_reader.cc(281)] could not read dos header from C:\Windows\System32\WINTRUST.dll
[0814/225009:ERROR:process_reader_win.cc(233)] ReadMemory at 0x59ae0000 of 64 bytes failed: 仅完成部分的 ReadProcessMemory 或 WriteProcessMemory 请求。 (0x12B)
[0814/225009:WARNING:pe_image_reader.cc(281)] could not read dos header from C:\Program Files (x86)\Google\Chrome\Application\55.0.2883.87\chrome_child.dll
[0814/225009:ERROR:process_reader_win.cc(233)] ReadMemory at 0x950000 of 64 bytes failed: 仅完成部分的 ReadProcessMemory 或 WriteProcessMemory 请求。 (0x12B)
[0814/225009:WARNING:pe_image_reader.cc(281)] could not read dos header from C:\Program Files (x86)\Google\Chrome\Application\chrome.exe
[0814/225009:ERROR:process_reader_win.cc(233)] ReadMemory at 0x74c20000 of 64 bytes failed: 仅完成部分的 ReadProcessMemory 或 WriteProcessMemory 请求。 (0x12B)
[0814/225009:WARNING:pe_image_reader.cc(281)] could not read dos header from C:\Windows\System32\KERNELBASE.dll
[0814/225009:ERROR:process_reader_win.cc(233)] ReadMemory at 0x751b0000 of 64 bytes failed: 仅完成部分的 ReadProcessMemory 或 WriteProcessMemory 请求。 (0x12B)
[0814/225009:WARNING:pe_image_reader.cc(281)] could not read dos header from C:\Windows\System32\KERNEL32.DLL
[0814/225009:ERROR:process_reader_win.cc(233)] ReadMemory at 0x6ce90000 of 64 bytes failed: 仅完成部分的 ReadProcessMemory 或 WriteProcessMemory 请求。 (0x12B)
[0814/225009:WARNING:pe_image_reader.cc(281)] could not read dos header from C:\Windows\AppPatch\AcGenral.dll
[0814/225009:ERROR:process_reader_win.cc(233)] ReadMemory at 0x77da0000 of 64 bytes failed: 仅完成部分的 ReadProcessMemory 或 WriteProcessMemory 请求。 (0x12B)
[0814/225009:WARNING:pe_image_reader.cc(281)] could not read dos header from C:\Windows\SYSTEM32\ntdll.dll
[0814/225009:ERROR:process_reader_win.cc(233)] ReadMemory at 0x6d530000 of 64 bytes failed: 仅完成部分的 ReadProcessMemory 或 WriteProcessMemory 请求。 (0x12B)
[0814/225009:WARNING:pe_image_reader.cc(281)] could not read dos header from C:\Windows\system32\apphelp.dll
[0814/225009:ERROR:process_reader_win.cc(233)] ReadMemory at 0x74a20000 of 64 bytes failed: 仅完成部分的 ReadProcessMemory 或 WriteProcessMemory 请求。 (0x12B)
[0814/225009:WARNING:pe_image_reader.cc(281)] could not read dos header from C:\Windows\System32\msvcrt.dll
[0814/225009:ERROR:process_reader_win.cc(233)] ReadMemory at 0x74f60000 of 64 bytes failed: 仅完成部分的 ReadProcessMemory 或 WriteProcessMemory 请求。 (0x12B)
[0814/225009:WARNING:pe_image_reader.cc(281)] could not read dos header from C:\Windows\System32\bcryptPrimitives.dll
[0814/225009:ERROR:process_reader_win.cc(233)] ReadMemory at 0x74850000 of 64 bytes failed: 仅完成部分的 ReadProcessMemory 或 WriteProcessMemory 请求。 (0x12B)
[0814/225009:WARNING:pe_image_reader.cc(281)] could not read dos header from C:\Windows\System32\CRYPTBASE.dll
[0814/225009:ERROR:process_reader_win.cc(233)] ReadMemory at 0x74860000 of 64 bytes failed: 仅完成部分的 ReadProcessMemory 或 WriteProcessMemory 请求。 (0x12B)
[0814/225009:WARNING:pe_image_reader.cc(281)] could not read dos header from C:\Windows\System32\SspiCli.dll
[0814/225009:ERROR:process_reader_win.cc(233)] ReadMemory at 0x752a0000 of 64 bytes failed: 仅完成部分的 ReadProcessMemory 或 WriteProcessMemory 请求。 (0x12B)
[0814/225009:WARNING:pe_image_reader.cc(281)] could not read dos header from C:\Windows\System32\RPCRT4.dll
[0814/225009:ERROR:process_reader_win.cc(233)] ReadMemory at 0x74ae0000 of 64 bytes failed: 仅完成部分的 ReadProcessMemory 或 WriteProcessMemory 请求。 (0x12B)
[0814/225009:WARNING:pe_image_reader.cc(281)] could not read dos header from C:\Windows\System32\sechost.dll
[0814/225009:ERROR:process_reader_win.cc(233)] ReadMemory at 0x76bd0000 of 64 bytes failed: 仅完成部分的 ReadProcessMemory 或 WriteProcessMemory 请求。 (0x12B)
[0814/225009:WARNING:pe_image_reader.cc(281)] could not read dos header from C:\Windows\System32\ucrtbase.dll
[0814/225009:ERROR:process_reader_win.cc(233)] ReadMemory at 0x77280000 of 64 bytes failed: 仅完成部分的 ReadProcessMemory 或 WriteProcessMemory 请求。 (0x12B)
[0814/225009:WARNING:pe_image_reader.cc(281)] could not read dos header from C:\Windows\System32\combase.dll
[0814/225009:ERROR:process_reader_win.cc(233)] ReadMemory at 0x74dd0000 of 64 bytes failed: 仅完成部分的 ReadProcessMemory 或 WriteProcessMemory 请求。 (0x12B)
[0814/225009:WARNING:pe_image_reader.cc(281)] could not read dos header from C:\Windows\System32\win32u.dll
[0814/225009:ERROR:process_reader_win.cc(233)] ReadMemory at 0x74df0000 of 64 bytes failed: 仅完成部分的 ReadProcessMemory 或 WriteProcessMemory 请求。 (0x12B)
[0814/225009:WARNING:pe_image_reader.cc(281)] could not read dos header from C:\Windows\System32\USER32.dll
[0814/225009:ERROR:process_reader_win.cc(233)] ReadMemory at 0x75050000 of 64 bytes failed: 仅完成部分的 ReadProcessMemory 或 WriteProcessMemory 请求。 (0x12B)
[0814/225009:WARNING:pe_image_reader.cc(281)] could not read dos header from C:\Windows\System32\gdi32full.dll
[0814/225009:ERROR:process_reader_win.cc(233)] ReadMemory at 0x75680000 of 64 bytes failed: 仅完成部分的 ReadProcessMemory 或 WriteProcessMemory 请求。 (0x12B)
[0814/225009:WARNING:pe_image_reader.cc(281)] could not read dos header from C:\Windows\System32\GDI32.dll
[0814/225009:ERROR:process_reader_win.cc(233)] ReadMemory at 0x778e0000 of 64 bytes failed: 仅完成部分的 ReadProcessMemory 或 WriteProcessMemory 请求。 (0x12B)
[0814/225009:WARNING:pe_image_reader.cc(281)] could not read dos header from C:\Windows\System32\IMM32.DLL
[0814/225009:ERROR:process_reader_win.cc(233)] ReadMemory at 0x77590000 of 64 bytes failed: 仅完成部分的 ReadProcessMemory 或 WriteProcessMemory 请求。 (0x12B)
[0814/225009:WARNING:pe_image_reader.cc(281)] could not read dos header from C:\Windows\System32\SHLWAPI.dll
[0814/225009:ERROR:process_reader_win.cc(233)] ReadMemory at 0x72a50000 of 64 bytes failed: 仅完成部分的 ReadProcessMemory 或 WriteProcessMemory 请求。 (0x12B)
[0814/225009:WARNING:pe_image_reader.cc(281)] could not read dos header from C:\Windows\SYSTEM32\UxTheme.dll
[0814/225009:ERROR:process_reader_win.cc(233)] ReadMemory at 0x774a0000 of 64 bytes failed: 仅完成部分的 ReadProcessMemory 或 WriteProcessMemory 请求。 (0x12B)
[0814/225009:WARNING:pe_image_reader.cc(281)] could not read dos header from C:\Windows\System32\cfgmgr32.dll
[0814/225009:ERROR:process_reader_win.cc(233)] ReadMemory at 0x743d0000 of 64 bytes failed: 仅完成部分的 ReadProcessMemory 或 WriteProcessMemory 请求。 (0x12B)
[0814/225009:WARNING:pe_image_reader.cc(281)] could not read dos header from C:\Windows\SYSTEM32\WINMMBASE.dll
[0814/225009:ERROR:process_reader_win.cc(233)] ReadMemory at 0x74400000 of 64 bytes failed: 仅完成部分的 ReadProcessMemory 或 WriteProcessMemory 请求。 (0x12B)
[0814/225009:WARNING:pe_image_reader.cc(281)] could not read dos header from C:\Windows\SYSTEM32\WINMM.dll
[0814/225009:ERROR:process_reader_win.cc(233)] ReadMemory at 0x74250000 of 64 bytes failed: 仅完成部分的 ReadProcessMemory 或 WriteProcessMemory 请求。 (0x12B)
[0814/225009:WARNING:pe_image_reader.cc(281)] could not read dos header from C:\Windows\SYSTEM32\samcli.dll
[0814/225009:ERROR:process_reader_win.cc(233)] ReadMemory at 0x74930000 of 64 bytes failed: 仅完成部分的 ReadProcessMemory 或 WriteProcessMemory 请求。 (0x12B)
[0814/225009:WARNING:pe_image_reader.cc(281)] could not read dos header from C:\Windows\System32\ole32.dll
[0814/225009:ERROR:process_reader_win.cc(233)] ReadMemory at 0x777c0000 of 64 bytes failed: 仅完成部分的 ReadProcessMemory 或 WriteProcessMemory 请求。 (0x12B)
[0814/225009:WARNING:pe_image_reader.cc(281)] could not read dos header from C:\Windows\System32\msvcp_win.dll
[0814/225009:ERROR:process_reader_win.cc(233)] ReadMemory at 0x774f0000 of 64 bytes failed: 仅完成部分的 ReadProcessMemory 或 WriteProcessMemory 请求。 (0x12B)
[0814/225009:WARNING:pe_image_reader.cc(281)] could not read dos header from C:\Windows\System32\OLEAUT32.dll
[0814/225009:ERROR:process_reader_win.cc(233)] ReadMemory at 0x77650000 of 64 bytes failed: 仅完成部分的 ReadProcessMemory 或 WriteProcessMemory 请求。 (0x12B)
[0814/225009:WARNING:pe_image_reader.cc(281)] could not read dos header from C:\Windows\System32\advapi32.dll
[0814/225009:ERROR:process_reader_win.cc(233)] ReadMemory at 0x735e0000 of 64 bytes failed: 仅完成部分的 ReadProcessMemory 或 WriteProcessMemory 请求。 (0x12B)
[0814/225009:WARNING:pe_image_reader.cc(281)] could not read dos header from C:\Windows\SYSTEM32\MSACM32.dll
[0814/225009:ERROR:process_reader_win.cc(233)] ReadMemory at 0x74810000 of 64 bytes failed: 仅完成部分的 ReadProcessMemory 或 WriteProcessMemory 请求。 (0x12B)
[0814/225009:WARNING:pe_image_reader.cc(281)] could not read dos header from C:\Windows\SYSTEM32\VERSION.dll
[0814/225009:ERROR:process_reader_win.cc(233)] ReadMemory at 0x74880000 of 64 bytes failed: 仅完成部分的 ReadProcessMemory 或 WriteProcessMemory 请求。 (0x12B)
[0814/225009:WARNING:pe_image_reader.cc(281)] could not read dos header from C:\Windows\System32\powrprof.dll
[0814/225009:ERROR:process_reader_win.cc(233)] ReadMemory at 0x77d20000 of 64 bytes failed: 仅完成部分的 ReadProcessMemory 或 WriteProcessMemory 请求。 (0x12B)
[0814/225009:WARNING:pe_image_reader.cc(281)] could not read dos header from C:\Windows\System32\kernel.appcore.dll
[0814/225009:ERROR:process_reader_win.cc(233)] ReadMemory at 0x776d0000 of 64 bytes failed: 仅完成部分的 ReadProcessMemory 或 WriteProcessMemory 请求。 (0x12B)
[0814/225009:WARNING:pe_image_reader.cc(281)] could not read dos header from C:\Windows\System32\shcore.dll
[0814/225009:ERROR:process_reader_win.cc(233)] ReadMemory at 0x775e0000 of 64 bytes failed: 仅完成部分的 ReadProcessMemory 或 WriteProcessMemory 请求。 (0x12B)
[0814/225009:WARNING:pe_image_reader.cc(281)] could not read dos header from C:\Windows\System32\profapi.dll
[0814/225009:ERROR:process_reader_win.cc(233)] ReadMemory at 0x76cc0000 of 64 bytes failed: 仅完成部分的 ReadProcessMemory 或 WriteProcessMemory 请求。 (0x12B)
[0814/225009:WARNING:pe_image_reader.cc(281)] could not read dos header from C:\Windows\System32\windows.storage.dll
[0814/225009:ERROR:process_reader_win.cc(233)] ReadMemory at 0x757f0000 of 64 bytes failed: 仅完成部分的 ReadProcessMemory 或 WriteProcessMemory 请求。 (0x12B)
[0814/225009:WARNING:pe_image_reader.cc(281)] could not read dos header from C:\Windows\System32\SHELL32.dll
[0814/225009:ERROR:process_reader_win.cc(233)] ReadMemory at 0x74830000 of 64 bytes failed: 仅完成部分的 ReadProcessMemory 或 WriteProcessMemory 请求。 (0x12B)
[0814/225009:WARNING:pe_image_reader.cc(281)] could not read dos header from C:\Windows\SYSTEM32\USERENV.dll
[0814/225009:ERROR:process_reader_win.cc(233)] ReadMemory at 0x72a30000 of 64 bytes failed: 仅完成部分的 ReadProcessMemory 或 WriteProcessMemory 请求。 (0x12B)
[0814/225009:WARNING:pe_image_reader.cc(281)] could not read dos header from C:\Windows\SYSTEM32\dwmapi.dll
[0814/225009:ERROR:process_reader_win.cc(233)] ReadMemory at 0x72c70000 of 64 bytes failed: 仅完成部分的 ReadProcessMemory 或 WriteProcessMemory 请求。 (0x12B)
[0814/225009:WARNING:pe_image_reader.cc(281)] could not read dos header from C:\Windows\SYSTEM32\iertutil.dll
[0814/225009:ERROR:process_reader_win.cc(233)] ReadMemory at 0x72ad0000 of 64 bytes failed: 仅完成部分的 ReadProcessMemory 或 WriteProcessMemory 请求。 (0x12B)
[0814/225009:WARNING:pe_image_reader.cc(281)] could not read dos header from C:\Windows\SYSTEM32\urlmon.dll
[0814/225009:ERROR:process_reader_win.cc(233)] ReadMemory at 0x73860000 of 64 bytes failed: 仅完成部分的 ReadProcessMemory 或 WriteProcessMemory 请求。 (0x12B)
[0814/225009:WARNING:pe_image_reader.cc(281)] could not read dos header from C:\Windows\SYSTEM32\bcrypt.dll
[0814/225009:ERROR:process_reader_win.cc(233)] ReadMemory at 0x72020000 of 64 bytes failed: 仅完成部分的 ReadProcessMemory 或 WriteProcessMemory 请求。 (0x12B)
[0814/225009:WARNING:pe_image_reader.cc(281)] could not read dos header from C:\Windows\SYSTEM32\WINSPOOL.DRV
[0814/225009:ERROR:process_reader_win.cc(233)] ReadMemory at 0x71670000 of 64 bytes failed: 仅完成部分的 ReadProcessMemory 或 WriteProcessMemory 请求。 (0x12B)
[0814/225009:WARNING:pe_image_reader.cc(281)] could not read dos header from C:\Windows\SYSTEM32\MPR.dll
[0814/225009:ERROR:process_reader_win.cc(233)] ReadMemory at 0x5f270000 of 64 bytes failed: 仅完成部分的 ReadProcessMemory 或 WriteProcessMemory 请求。 (0x12B)
[0814/225009:WARNING:pe_image_reader.cc(281)] could not read dos header from C:\Program Files (x86)\Google\Chrome\Application\55.0.2883.87\chrome_elf.dll
[0814/225009:ERROR:process_reader_win.cc(233)] ReadMemory at 0x75290000 of 64 bytes failed: 仅完成部分的 ReadProcessMemory 或 WriteProcessMemory 请求。 (0x12B)
[0814/225009:WARNING:pe_image_reader.cc(281)] could not read dos header from C:\Windows\System32\PSAPI.DLL
[0814/225009:ERROR:process_reader_win.cc(233)] ReadMemory at 0x74820000 of 64 bytes failed: 仅完成部分的 ReadProcessMemory 或 WriteProcessMemory 请求。 (0x12B)
[0814/225009:WARNING:pe_image_reader.cc(281)] could not read dos header from C:\Windows\SYSTEM32\WTSAPI32.dll
[0814/225009:ERROR:process_reader_win.cc(233)] ReadMemory at 0x74140000 of 64 bytes failed: 仅完成部分的 ReadProcessMemory 或 WriteProcessMemory 请求。 (0x12B)
[0814/225009:WARNING:pe_image_reader.cc(281)] could not read dos header from C:\Windows\SYSTEM32\WINHTTP.dll
[0814/225009:ERROR:process_reader_win.cc(233)] ReadMemory at 0x73590000 of 64 bytes failed: 仅完成部分的 ReadProcessMemory 或 WriteProcessMemory 请求。 (0x12B)
[0814/225009:WARNING:pe_image_reader.cc(281)] could not read dos header from C:\Windows\SYSTEM32\ninput.dll
[0814/225009:ERROR:process_reader_win.cc(233)] ReadMemory at 0x73ab0000 of 64 bytes failed: 仅完成部分的 ReadProcessMemory 或 WriteProcessMemory 请求。 (0x12B)
[0814/225009:WARNING:pe_image_reader.cc(281)] could not read dos header from C:\Windows\SYSTEM32\dbghelp.dll
[0814/225009:ERROR:process_reader_win.cc(233)] ReadMemory at 0x77d30000 of 64 bytes failed: 仅完成部分的 ReadProcessMemory 或 WriteProcessMemory 请求。 (0x12B)
[0814/225009:WARNING:pe_image_reader.cc(281)] could not read dos header from C:\Windows\System32\WS2_32.dll
[0814/225009:ERROR:process_reader_win.cc(233)] ReadMemory at 0x74700000 of 64 bytes failed: 仅完成部分的 ReadProcessMemory 或 WriteProcessMemory 请求。 (0x12B)
[0814/225009:WARNING:pe_image_reader.cc(281)] could not read dos header from C:\Windows\SYSTEM32\NETAPI32.dll
[0814/225009:ERROR:process_reader_win.cc(233)] ReadMemory at 0x72610000 of 64 bytes failed: 仅完成部分的 ReadProcessMemory 或 WriteProcessMemory 请求。 (0x12B)
[0814/225009:WARNING:pe_image_reader.cc(281)] could not read dos header from C:\Windows\SYSTEM32\WKSCLI.DLL
[0814/225009:ERROR:process_reader_win.cc(233)] ReadMemory at 0x74240000 of 64 bytes failed: 仅完成部分的 ReadProcessMemory 或 WriteProcessMemory 请求。 (0x12B)
[0814/225009:WARNING:pe_image_reader.cc(281)] could not read dos header from C:\Windows\SYSTEM32\NETUTILS.DLL
[0814/225009:ERROR:process_reader_win.cc(233)] ReadMemory at 0x6f110000 of 64 bytes failed: 仅完成部分的 ReadProcessMemory 或 WriteProcessMemory 请求。 (0x12B)
[0814/225009:WARNING:pe_image_reader.cc(281)] could not read dos header from E:\360\360Safe\safemon\safemon.dll
[0814/225009:ERROR:process_reader_win.cc(233)] ReadMemory at 0x5f230000 of 64 bytes failed: 仅完成部分的 ReadProcessMemory 或 WriteProcessMemory 请求。 (0x12B)
[0814/225009:WARNING:pe_image_reader.cc(281)] could not read dos header from E:\360\360Safe\safemon\iNetSafe.dll
[0814/225009:ERROR:process_reader_win.cc(233)] ReadMemory at 0x723d0000 of 64 bytes failed: 仅完成部分的 ReadProcessMemory 或 WriteProcessMemory 请求。 (0x12B)
[0814/225009:WARNING:pe_image_reader.cc(281)] could not read dos header from C:\Windows\WinSxS\x86_microsoft.windows.common-controls_6595b64144ccf1df_6.0.14393.953_none_89c2555adb023171\COMCTL32.dll
[0814/225009:ERROR:process_reader_win.cc(233)] ReadMemory at 0x74b30000 of 64 bytes failed: 仅完成部分的 ReadProcessMemory 或 WriteProcessMemory 请求。 (0x12B)
[0814/225009:WARNING:pe_image_reader.cc(281)] could not read dos header from C:\Windows\System32\COMDLG32.dll
[0814/225009:ERROR:process_reader_win.cc(233)] ReadMemory at 0x72660000 of 64 bytes failed: 仅完成部分的 ReadProcessMemory 或 WriteProcessMemory 请求。 (0x12B)
[0814/225009:WARNING:pe_image_reader.cc(281)] could not read dos header from C:\Windows\SYSTEM32\USP10.dll
[0814/225009:ERROR:process_reader_win.cc(233)] ReadMemory at 0x746d0000 of 64 bytes failed: 仅完成部分的 ReadProcessMemory 或 WriteProcessMemory 请求。 (0x12B)
[0814/225009:WARNING:pe_image_reader.cc(281)] could not read dos header from C:\Windows\SYSTEM32\IPHLPAPI.DLL
[0814/225009:ERROR:process_reader_win.cc(233)] ReadMemory at 0x74380000 of 64 bytes failed: 仅完成部分的 ReadProcessMemory 或 WriteProcessMemory 请求。 (0x12B)
[0814/225009:WARNING:pe_image_reader.cc(281)] could not read dos header from C:\Windows\SYSTEM32\Secur32.dll
[0814/225009:ERROR:process_reader_win.cc(233)] ReadMemory at 0x6de10000 of 64 bytes failed: 仅完成部分的 ReadProcessMemory 或 WriteProcessMemory 请求。 (0x12B)
[0814/225009:WARNING:pe_image_reader.cc(281)] could not read dos header from C:\Windows\SYSTEM32\DWrite.dll
[0814/225009:ERROR:process_reader_win.cc(233)] ReadMemory at 0x76cb0000 of 64 bytes failed: 仅完成部分的 ReadProcessMemory 或 WriteProcessMemory 请求。 (0x12B)
[0814/225009:WARNING:pe_image_reader.cc(281)] could not read dos header from C:\Windows\System32\MSASN1.dll
[0814/225009:ERROR:process_reader_win.cc(233)] ReadMemory at 0x75370000 of 64 bytes failed: 仅完成部分的 ReadProcessMemory 或 WriteProcessMemory 请求。 (0x12B)
[0814/225009:WARNING:pe_image_reader.cc(281)] could not read dos header from C:\Windows\System32\CRYPT32.dll
[0814/225009:ERROR:process_reader_win.cc(233)] ReadMemory at 0x77230000 of 64 bytes failed: 仅完成部分的 ReadProcessMemory 或 WriteProcessMemory 请求。 (0x12B)
[0814/225009:WARNING:pe_image_reader.cc(281)] could not read dos header from C:\Windows\System32\WINTRUST.dll
[0814/225009:ERROR:process_reader_win.cc(233)] ReadMemory at 0x59ae0000 of 64 bytes failed: 仅完成部分的 ReadProcessMemory 或 WriteProcessMemory 请求。 (0x12B)
[0814/225009:WARNING:pe_image_reader.cc(281)] could not read dos header from C:\Program Files (x86)\Google\Chrome\Application\55.0.2883.87\chrome_child.dll
[0814/225009:ERROR:process_reader_win.cc(233)] ReadMemory at 0x950000 of 64 bytes failed: 仅完成部分的 ReadProcessMemory 或 WriteProcessMemory 请求。 (0x12B)
[0814/225009:WARNING:pe_image_reader.cc(281)] could not read dos header from C:\Program Files (x86)\Google\Chrome\Application\chrome.exe
[0814/225009:ERROR:process_reader_win.cc(233)] ReadMemory at 0x74c20000 of 64 bytes failed: 仅完成部分的 ReadProcessMemory 或 WriteProcessMemory 请求。 (0x12B)
[0814/225009:WARNING:pe_image_reader.cc(281)] could not read dos header from C:\Windows\System32\KERNELBASE.dll
[0814/225009:ERROR:process_reader_win.cc(233)] ReadMemory at 0x751b0000 of 64 bytes failed: 仅完成部分的 ReadProcessMemory 或 WriteProcessMemory 请求。 (0x12B)
[0814/225009:WARNING:pe_image_reader.cc(281)] could not read dos header from C:\Windows\System32\KERNEL32.DLL
[0814/225009:ERROR:process_reader_win.cc(233)] ReadMemory at 0x6ce90000 of 64 bytes failed: 仅完成部分的 ReadProcessMemory 或 WriteProcessMemory 请求。 (0x12B)
[0814/225009:WARNING:pe_image_reader.cc(281)] could not read dos header from C:\Windows\AppPatch\AcGenral.dll
[0814/225009:ERROR:process_reader_win.cc(233)] ReadMemory at 0x77da0000 of 64 bytes failed: 仅完成部分的 ReadProcessMemory 或 WriteProcessMemory 请求。 (0x12B)
[0814/225009:WARNING:pe_image_reader.cc(281)] could not read dos header from C:\Windows\SYSTEM32\ntdll.dll
[0814/225009:ERROR:process_reader_win.cc(233)] ReadMemory at 0x6d530000 of 64 bytes failed: 仅完成部分的 ReadProcessMemory 或 WriteProcessMemory 请求。 (0x12B)
[0814/225009:WARNING:pe_image_reader.cc(281)] could not read dos header from C:\Windows\system32\apphelp.dll
[0814/225009:ERROR:process_reader_win.cc(233)] ReadMemory at 0x74a20000 of 64 bytes failed: 仅完成部分的 ReadProcessMemory 或 WriteProcessMemory 请求。 (0x12B)
[0814/225009:WARNING:pe_image_reader.cc(281)] could not read dos header from C:\Windows\System32\msvcrt.dll
[0814/225009:ERROR:process_reader_win.cc(233)] ReadMemory at 0x74f60000 of 64 bytes failed: 仅完成部分的 ReadProcessMemory 或 WriteProcessMemory 请求。 (0x12B)
[0814/225009:WARNING:pe_image_reader.cc(281)] could not read dos header from C:\Windows\System32\bcryptPrimitives.dll
[0814/225009:ERROR:process_reader_win.cc(233)] ReadMemory at 0x74850000 of 64 bytes failed: 仅完成部分的 ReadProcessMemory 或 WriteProcessMemory 请求。 (0x12B)
[0814/225009:WARNING:pe_image_reader.cc(281)] could not read dos header from C:\Windows\System32\CRYPTBASE.dll
[0814/225009:ERROR:process_reader_win.cc(233)] ReadMemory at 0x74860000 of 64 bytes failed: 仅完成部分的 ReadProcessMemory 或 WriteProcessMemory 请求。 (0x12B)
[0814/225009:WARNING:pe_image_reader.cc(281)] could not read dos header from C:\Windows\System32\SspiCli.dll
[0814/225009:ERROR:process_reader_win.cc(233)] ReadMemory at 0x752a0000 of 64 bytes failed: 仅完成部分的 ReadProcessMemory 或 WriteProcessMemory 请求。 (0x12B)
[0814/225009:WARNING:pe_image_reader.cc(281)] could not read dos header from C:\Windows\System32\RPCRT4.dll
[0814/225009:ERROR:process_reader_win.cc(233)] ReadMemory at 0x74ae0000 of 64 bytes failed: 仅完成部分的 ReadProcessMemory 或 WriteProcessMemory 请求。 (0x12B)
[0814/225009:WARNING:pe_image_reader.cc(281)] could not read dos header from C:\Windows\System32\sechost.dll
[0814/225009:ERROR:process_reader_win.cc(233)] ReadMemory at 0x76bd0000 of 64 bytes failed: 仅完成部分的 ReadProcessMemory 或 WriteProcessMemory 请求。 (0x12B)
[0814/225009:WARNING:pe_image_reader.cc(281)] could not read dos header from C:\Windows\System32\ucrtbase.dll
[0814/225009:ERROR:process_reader_win.cc(233)] ReadMemory at 0x77280000 of 64 bytes failed: 仅完成部分的 ReadProcessMemory 或 WriteProcessMemory 请求。 (0x12B)
[0814/225009:WARNING:pe_image_reader.cc(281)] could not read dos header from C:\Windows\System32\combase.dll
[0814/225009:ERROR:process_reader_win.cc(233)] ReadMemory at 0x74dd0000 of 64 bytes failed: 仅完成部分的 ReadProcessMemory 或 WriteProcessMemory 请求。 (0x12B)
[0814/225009:WARNING:pe_image_reader.cc(281)] could not read dos header from C:\Windows\System32\win32u.dll
[0814/225009:ERROR:process_reader_win.cc(233)] ReadMemory at 0x74df0000 of 64 bytes failed: 仅完成部分的 ReadProcessMemory 或 WriteProcessMemory 请求。 (0x12B)
[0814/225009:WARNING:pe_image_reader.cc(281)] could not read dos header from C:\Windows\System32\USER32.dll
[0814/225009:ERROR:process_reader_win.cc(233)] ReadMemory at 0x75050000 of 64 bytes failed: 仅完成部分的 ReadProcessMemory 或 WriteProcessMemory 请求。 (0x12B)
[0814/225009:WARNING:pe_image_reader.cc(281)] could not read dos header from C:\Windows\System32\gdi32full.dll
[0814/225009:ERROR:process_reader_win.cc(233)] ReadMemory at 0x75680000 of 64 bytes failed: 仅完成部分的 ReadProcessMemory 或 WriteProcessMemory 请求。 (0x12B)
[0814/225009:WARNING:pe_image_reader.cc(281)] could not read dos header from C:\Windows\System32\GDI32.dll
[0814/225009:ERROR:process_reader_win.cc(233)] ReadMemory at 0x778e0000 of 64 bytes failed: 仅完成部分的 ReadProcessMemory 或 WriteProcessMemory 请求。 (0x12B)
[0814/225009:WARNING:pe_image_reader.cc(281)] could not read dos header from C:\Windows\System32\IMM32.DLL
[0814/225009:ERROR:process_reader_win.cc(233)] ReadMemory at 0x77590000 of 64 bytes failed: 仅完成部分的 ReadProcessMemory 或 WriteProcessMemory 请求。 (0x12B)
[0814/225009:WARNING:pe_image_reader.cc(281)] could not read dos header from C:\Windows\System32\SHLWAPI.dll
[0814/225009:ERROR:process_reader_win.cc(233)] ReadMemory at 0x72a50000 of 64 bytes failed: 仅完成部分的 ReadProcessMemory 或 WriteProcessMemory 请求。 (0x12B)
[0814/225009:WARNING:pe_image_reader.cc(281)] could not read dos header from C:\Windows\SYSTEM32\UxTheme.dll
[0814/225009:ERROR:process_reader_win.cc(233)] ReadMemory at 0x774a0000 of 64 bytes failed: 仅完成部分的 ReadProcessMemory 或 WriteProcessMemory 请求。 (0x12B)
[0814/225009:WARNING:pe_image_reader.cc(281)] could not read dos header from C:\Windows\System32\cfgmgr32.dll
[0814/225009:ERROR:process_reader_win.cc(233)] ReadMemory at 0x743d0000 of 64 bytes failed: 仅完成部分的 ReadProcessMemory 或 WriteProcessMemory 请求。 (0x12B)
[0814/225009:WARNING:pe_image_reader.cc(281)] could not read dos header from C:\Windows\SYSTEM32\WINMMBASE.dll
[0814/225009:ERROR:process_reader_win.cc(233)] ReadMemory at 0x74400000 of 64 bytes failed: 仅完成部分的 ReadProcessMemory 或 WriteProcessMemory 请求。 (0x12B)
[0814/225009:WARNING:pe_image_reader.cc(281)] could not read dos header from C:\Windows\SYSTEM32\WINMM.dll
[0814/225009:ERROR:process_reader_win.cc(233)] ReadMemory at 0x74250000 of 64 bytes failed: 仅完成部分的 ReadProcessMemory 或 WriteProcessMemory 请求。 (0x12B)
[0814/225009:WARNING:pe_image_reader.cc(281)] could not read dos header from C:\Windows\SYSTEM32\samcli.dll
[0814/225009:ERROR:process_reader_win.cc(233)] ReadMemory at 0x74930000 of 64 bytes failed: 仅完成部分的 ReadProcessMemory 或 WriteProcessMemory 请求。 (0x12B)
[0814/225009:WARNING:pe_image_reader.cc(281)] could not read dos header from C:\Windows\System32\ole32.dll
[0814/225009:ERROR:process_reader_win.cc(233)] ReadMemory at 0x777c0000 of 64 bytes failed: 仅完成部分的 ReadProcessMemory 或 WriteProcessMemory 请求。 (0x12B)
[0814/225009:WARNING:pe_image_reader.cc(281)] could not read dos header from C:\Windows\System32\msvcp_win.dll
[0814/225009:ERROR:process_reader_win.cc(233)] ReadMemory at 0x774f0000 of 64 bytes failed: 仅完成部分的 ReadProcessMemory 或 WriteProcessMemory 请求。 (0x12B)
[0814/225009:WARNING:pe_image_reader.cc(281)] could not read dos header from C:\Windows\System32\OLEAUT32.dll
[0814/225009:ERROR:process_reader_win.cc(233)] ReadMemory at 0x77650000 of 64 bytes failed: 仅完成部分的 ReadProcessMemory 或 WriteProcessMemory 请求。 (0x12B)
[0814/225009:WARNING:pe_image_reader.cc(281)] could not read dos header from C:\Windows\System32\advapi32.dll
[0814/225009:ERROR:process_reader_win.cc(233)] ReadMemory at 0x735e0000 of 64 bytes failed: 仅完成部分的 ReadProcessMemory 或 WriteProcessMemory 请求。 (0x12B)
[0814/225009:WARNING:pe_image_reader.cc(281)] could not read dos header from C:\Windows\SYSTEM32\MSACM32.dll
[0814/225009:ERROR:process_reader_win.cc(233)] ReadMemory at 0x74810000 of 64 bytes failed: 仅完成部分的 ReadProcessMemory 或 WriteProcessMemory 请求。 (0x12B)
[0814/225009:WARNING:pe_image_reader.cc(281)] could not read dos header from C:\Windows\SYSTEM32\VERSION.dll
[0814/225009:ERROR:process_reader_win.cc(233)] ReadMemory at 0x74880000 of 64 bytes failed: 仅完成部分的 ReadProcessMemory 或 WriteProcessMemory 请求。 (0x12B)
[0814/225009:WARNING:pe_image_reader.cc(281)] could not read dos header from C:\Windows\System32\powrprof.dll
[0814/225009:ERROR:process_reader_win.cc(233)] ReadMemory at 0x77d20000 of 64 bytes failed: 仅完成部分的 ReadProcessMemory 或 WriteProcessMemory 请求。 (0x12B)
[0814/225009:WARNING:pe_image_reader.cc(281)] could not read dos header from C:\Windows\System32\kernel.appcore.dll
[0814/225009:ERROR:process_reader_win.cc(233)] ReadMemory at 0x776d0000 of 64 bytes failed: 仅完成部分的 ReadProcessMemory 或 WriteProcessMemory 请求。 (0x12B)
[0814/225009:WARNING:pe_image_reader.cc(281)] could not read dos header from C:\Windows\System32\shcore.dll
[0814/225009:ERROR:process_reader_win.cc(233)] ReadMemory at 0x775e0000 of 64 bytes failed: 仅完成部分的 ReadProcessMemory 或 WriteProcessMemory 请求。 (0x12B)
[0814/225009:WARNING:pe_image_reader.cc(281)] could not read dos header from C:\Windows\System32\profapi.dll
[0814/225009:ERROR:process_reader_win.cc(233)] ReadMemory at 0x76cc0000 of 64 bytes failed: 仅完成部分的 ReadProcessMemory 或 WriteProcessMemory 请求。 (0x12B)
[0814/225009:WARNING:pe_image_reader.cc(281)] could not read dos header from C:\Windows\System32\windows.storage.dll
[0814/225009:ERROR:process_reader_win.cc(233)] ReadMemory at 0x757f0000 of 64 bytes failed: 仅完成部分的 ReadProcessMemory 或 WriteProcessMemory 请求。 (0x12B)
[0814/225009:WARNING:pe_image_reader.cc(281)] could not read dos header from C:\Windows\System32\SHELL32.dll
[0814/225009:ERROR:process_reader_win.cc(233)] ReadMemory at 0x74830000 of 64 bytes failed: 仅完成部分的 ReadProcessMemory 或 WriteProcessMemory 请求。 (0x12B)
[0814/225009:WARNING:pe_image_reader.cc(281)] could not read dos header from C:\Windows\SYSTEM32\USERENV.dll
[0814/225009:ERROR:process_reader_win.cc(233)] ReadMemory at 0x72a30000 of 64 bytes failed: 仅完成部分的 ReadProcessMemory 或 WriteProcessMemory 请求。 (0x12B)
[0814/225009:WARNING:pe_image_reader.cc(281)] could not read dos header from C:\Windows\SYSTEM32\dwmapi.dll
[0814/225009:ERROR:process_reader_win.cc(233)] ReadMemory at 0x72c70000 of 64 bytes failed: 仅完成部分的 ReadProcessMemory 或 WriteProcessMemory 请求。 (0x12B)
[0814/225009:WARNING:pe_image_reader.cc(281)] could not read dos header from C:\Windows\SYSTEM32\iertutil.dll
[0814/225009:ERROR:process_reader_win.cc(233)] ReadMemory at 0x72ad0000 of 64 bytes failed: 仅完成部分的 ReadProcessMemory 或 WriteProcessMemory 请求。 (0x12B)
[0814/225009:WARNING:pe_image_reader.cc(281)] could not read dos header from C:\Windows\SYSTEM32\urlmon.dll
[0814/225009:ERROR:process_reader_win.cc(233)] ReadMemory at 0x73860000 of 64 bytes failed: 仅完成部分的 ReadProcessMemory 或 WriteProcessMemory 请求。 (0x12B)
[0814/225009:WARNING:pe_image_reader.cc(281)] could not read dos header from C:\Windows\SYSTEM32\bcrypt.dll
[0814/225009:ERROR:process_reader_win.cc(233)] ReadMemory at 0x72020000 of 64 bytes failed: 仅完成部分的 ReadProcessMemory 或 WriteProcessMemory 请求。 (0x12B)
[0814/225009:WARNING:pe_image_reader.cc(281)] could not read dos header from C:\Windows\SYSTEM32\WINSPOOL.DRV
[0814/225009:ERROR:process_reader_win.cc(233)] ReadMemory at 0x71670000 of 64 bytes failed: 仅完成部分的 ReadProcessMemory 或 WriteProcessMemory 请求。 (0x12B)
[0814/225009:WARNING:pe_image_reader.cc(281)] could not read dos header from C:\Windows\SYSTEM32\MPR.dll
[0814/225009:ERROR:process_reader_win.cc(233)] ReadMemory at 0x5f270000 of 64 bytes failed: 仅完成部分的 ReadProcessMemory 或 WriteProcessMemory 请求。 (0x12B)
[0814/225009:WARNING:pe_image_reader.cc(281)] could not read dos header from C:\Program Files (x86)\Google\Chrome\Application\55.0.2883.87\chrome_elf.dll
[0814/225009:ERROR:process_reader_win.cc(233)] ReadMemory at 0x75290000 of 64 bytes failed: 仅完成部分的 ReadProcessMemory 或 WriteProcessMemory 请求。 (0x12B)
[0814/225009:WARNING:pe_image_reader.cc(281)] could not read dos header from C:\Windows\System32\PSAPI.DLL
[0814/225009:ERROR:process_reader_win.cc(233)] ReadMemory at 0x74820000 of 64 bytes failed: 仅完成部分的 ReadProcessMemory 或 WriteProcessMemory 请求。 (0x12B)
[0814/225009:WARNING:pe_image_reader.cc(281)] could not read dos header from C:\Windows\SYSTEM32\WTSAPI32.dll
[0814/225009:ERROR:process_reader_win.cc(233)] ReadMemory at 0x74140000 of 64 bytes failed: 仅完成部分的 ReadProcessMemory 或 WriteProcessMemory 请求。 (0x12B)
[0814/225009:WARNING:pe_image_reader.cc(281)] could not read dos header from C:\Windows\SYSTEM32\WINHTTP.dll
[0814/225009:ERROR:process_reader_win.cc(233)] ReadMemory at 0x73590000 of 64 bytes failed: 仅完成部分的 ReadProcessMemory 或 WriteProcessMemory 请求。 (0x12B)
[0814/225009:WARNING:pe_image_reader.cc(281)] could not read dos header from C:\Windows\SYSTEM32\ninput.dll
[0814/225009:ERROR:process_reader_win.cc(233)] ReadMemory at 0x73ab0000 of 64 bytes failed: 仅完成部分的 ReadProcessMemory 或 WriteProcessMemory 请求。 (0x12B)
[0814/225009:WARNING:pe_image_reader.cc(281)] could not read dos header from C:\Windows\SYSTEM32\dbghelp.dll
[0814/225009:ERROR:process_reader_win.cc(233)] ReadMemory at 0x77d30000 of 64 bytes failed: 仅完成部分的 ReadProcessMemory 或 WriteProcessMemory 请求。 (0x12B)
[0814/225009:WARNING:pe_image_reader.cc(281)] could not read dos header from C:\Windows\System32\WS2_32.dll
[0814/225009:ERROR:process_reader_win.cc(233)] ReadMemory at 0x74700000 of 64 bytes failed: 仅完成部分的 ReadProcessMemory 或 WriteProcessMemory 请求。 (0x12B)
[0814/225009:WARNING:pe_image_reader.cc(281)] could not read dos header from C:\Windows\SYSTEM32\NETAPI32.dll
[0814/225009:ERROR:process_reader_win.cc(233)] ReadMemory at 0x72610000 of 64 bytes failed: 仅完成部分的 ReadProcessMemory 或 WriteProcessMemory 请求。 (0x12B)
[0814/225009:WARNING:pe_image_reader.cc(281)] could not read dos header from C:\Windows\SYSTEM32\WKSCLI.DLL
[0814/225009:ERROR:process_reader_win.cc(233)] ReadMemory at 0x74240000 of 64 bytes failed: 仅完成部分的 ReadProcessMemory 或 WriteProcessMemory 请求。 (0x12B)
[0814/225009:WARNING:pe_image_reader.cc(281)] could not read dos header from C:\Windows\SYSTEM32\NETUTILS.DLL
[0814/225009:ERROR:process_reader_win.cc(233)] ReadMemory at 0x6f110000 of 64 bytes failed: 仅完成部分的 ReadProcessMemory 或 WriteProcessMemory 请求。 (0x12B)
[0814/225009:WARNING:pe_image_reader.cc(281)] could not read dos header from E:\360\360Safe\safemon\safemon.dll
[0814/225009:ERROR:process_reader_win.cc(233)] ReadMemory at 0x5f230000 of 64 bytes failed: 仅完成部分的 ReadProcessMemory 或 WriteProcessMemory 请求。 (0x12B)
[0814/225009:WARNING:pe_image_reader.cc(281)] could not read dos header from E:\360\360Safe\safemon\iNetSafe.dll
[0814/225009:ERROR:process_reader_win.cc(233)] ReadMemory at 0x723d0000 of 64 bytes failed: 仅完成部分的 ReadProcessMemory 或 WriteProcessMemory 请求。 (0x12B)
[0814/225009:WARNING:pe_image_reader.cc(281)] could not read dos header from C:\Windows\WinSxS\x86_microsoft.windows.common-controls_6595b64144ccf1df_6.0.14393.953_none_89c2555adb023171\COMCTL32.dll
[0814/225009:ERROR:process_reader_win.cc(233)] ReadMemory at 0x74b30000 of 64 bytes failed: 仅完成部分的 ReadProcessMemory 或 WriteProcessMemory 请求。 (0x12B)
[0814/225009:WARNING:pe_image_reader.cc(281)] could not read dos header from C:\Windows\System32\COMDLG32.dll
[0814/225009:ERROR:process_reader_win.cc(233)] ReadMemory at 0x72660000 of 64 bytes failed: 仅完成部分的 ReadProcessMemory 或 WriteProcessMemory 请求。 (0x12B)
[0814/225009:WARNING:pe_image_reader.cc(281)] could not read dos header from C:\Windows\SYSTEM32\USP10.dll
[0814/225009:ERROR:process_reader_win.cc(233)] ReadMemory at 0x746d0000 of 64 bytes failed: 仅完成部分的 ReadProcessMemory 或 WriteProcessMemory 请求。 (0x12B)
[0814/225009:WARNING:pe_image_reader.cc(281)] could not read dos header from C:\Windows\SYSTEM32\IPHLPAPI.DLL
[0814/225009:ERROR:process_reader_win.cc(233)] ReadMemory at 0x74380000 of 64 bytes failed: 仅完成部分的 ReadProcessMemory 或 WriteProcessMemory 请求。 (0x12B)
[0814/225009:WARNING:pe_image_reader.cc(281)] could not read dos header from C:\Windows\SYSTEM32\Secur32.dll
[0814/225009:ERROR:process_reader_win.cc(233)] ReadMemory at 0x6de10000 of 64 bytes failed: 仅完成部分的 ReadProcessMemory 或 WriteProcessMemory 请求。 (0x12B)
[0814/225009:WARNING:pe_image_reader.cc(281)] could not read dos header from C:\Windows\SYSTEM32\DWrite.dll
[0814/225009:ERROR:process_reader_win.cc(233)] ReadMemory at 0x76cb0000 of 64 bytes failed: 仅完成部分的 ReadProcessMemory 或 WriteProcessMemory 请求。 (0x12B)
[0814/225009:WARNING:pe_image_reader.cc(281)] could not read dos header from C:\Windows\System32\MSASN1.dll
[0814/225009:ERROR:process_reader_win.cc(233)] ReadMemory at 0x75370000 of 64 bytes failed: 仅完成部分的 ReadProcessMemory 或 WriteProcessMemory 请求。 (0x12B)
[0814/225009:WARNING:pe_image_reader.cc(281)] could not read dos header from C:\Windows\System32\CRYPT32.dll
[0814/225009:ERROR:process_reader_win.cc(233)] ReadMemory at 0x77230000 of 64 bytes failed: 仅完成部分的 ReadProcessMemory 或 WriteProcessMemory 请求。 (0x12B)
[0814/225009:WARNING:pe_image_reader.cc(281)] could not read dos header from C:\Windows\System32\WINTRUST.dll
[0814/225009:ERROR:process_reader_win.cc(233)] ReadMemory at 0x59ae0000 of 64 bytes failed: 仅完成部分的 ReadProcessMemory 或 WriteProcessMemory 请求。 (0x12B)
[0814/225009:WARNING:pe_image_reader.cc(281)] could not read dos header from C:\Program Files (x86)\Google\Chrome\Application\55.0.2883.87\chrome_child.dll
[0814/225009:ERROR:process_reader_win.cc(233)] ReadMemory at 0x950000 of 64 bytes failed: 仅完成部分的 ReadProcessMemory 或 WriteProcessMemory 请求。 (0x12B)
[0814/225009:WARNING:pe_image_reader.cc(281)] could not read dos header from C:\Program Files (x86)\Google\Chrome\Application\chrome.exe
[0814/225009:ERROR:process_reader_win.cc(233)] ReadMemory at 0x74c20000 of 64 bytes failed: 仅完成部分的 ReadProcessMemory 或 WriteProcessMemory 请求。 (0x12B)
[0814/225009:WARNING:pe_image_reader.cc(281)] could not read dos header from C:\Windows\System32\KERNELBASE.dll
[0814/225009:ERROR:process_reader_win.cc(233)] ReadMemory at 0x751b0000 of 64 bytes failed: 仅完成部分的 ReadProcessMemory 或 WriteProcessMemory 请求。 (0x12B)
[0814/225009:WARNING:pe_image_reader.cc(281)] could not read dos header from C:\Windows\System32\KERNEL32.DLL
[0814/225009:ERROR:process_reader_win.cc(233)] ReadMemory at 0x6ce90000 of 64 bytes failed: 仅完成部分的 ReadProcessMemory 或 WriteProcessMemory 请求。 (0x12B)
[0814/225009:WARNING:pe_image_reader.cc(281)] could not read dos header from C:\Windows\AppPatch\AcGenral.dll
[0814/225009:ERROR:process_reader_win.cc(233)] ReadMemory at 0x77da0000 of 64 bytes failed: 仅完成部分的 ReadProcessMemory 或 WriteProcessMemory 请求。 (0x12B)
[0814/225009:WARNING:pe_image_reader.cc(281)] could not read dos header from C:\Windows\SYSTEM32\ntdll.dll
[0814/225009:ERROR:process_reader_win.cc(233)] ReadMemory at 0x6d530000 of 64 bytes failed: 仅完成部分的 ReadProcessMemory 或 WriteProcessMemory 请求。 (0x12B)
[0814/225009:WARNING:pe_image_reader.cc(281)] could not read dos header from C:\Windows\system32\apphelp.dll
[0814/225009:ERROR:process_reader_win.cc(233)] ReadMemory at 0x74a20000 of 64 bytes failed: 仅完成部分的 ReadProcessMemory 或 WriteProcessMemory 请求。 (0x12B)
[0814/225009:WARNING:pe_image_reader.cc(281)] could not read dos header from C:\Windows\System32\msvcrt.dll
[0814/225009:ERROR:process_reader_win.cc(233)] ReadMemory at 0x74f60000 of 64 bytes failed: 仅完成部分的 ReadProcessMemory 或 WriteProcessMemory 请求。 (0x12B)
[0814/225009:WARNING:pe_image_reader.cc(281)] could not read dos header from C:\Windows\System32\bcryptPrimitives.dll
[0814/225009:ERROR:process_reader_win.cc(233)] ReadMemory at 0x74850000 of 64 bytes failed: 仅完成部分的 ReadProcessMemory 或 WriteProcessMemory 请求。 (0x12B)
[0814/225009:WARNING:pe_image_reader.cc(281)] could not read dos header from C:\Windows\System32\CRYPTBASE.dll
[0814/225009:ERROR:process_reader_win.cc(233)] ReadMemory at 0x74860000 of 64 bytes failed: 仅完成部分的 ReadProcessMemory 或 WriteProcessMemory 请求。 (0x12B)
[0814/225009:WARNING:pe_image_reader.cc(281)] could not read dos header from C:\Windows\System32\SspiCli.dll
[0814/225009:ERROR:process_reader_win.cc(233)] ReadMemory at 0x752a0000 of 64 bytes failed: 仅完成部分的 ReadProcessMemory 或 WriteProcessMemory 请求。 (0x12B)
[0814/225009:WARNING:pe_image_reader.cc(281)] could not read dos header from C:\Windows\System32\RPCRT4.dll
[0814/225009:ERROR:process_reader_win.cc(233)] ReadMemory at 0x74ae0000 of 64 bytes failed: 仅完成部分的 ReadProcessMemory 或 WriteProcessMemory 请求。 (0x12B)
[0814/225009:WARNING:pe_image_reader.cc(281)] could not read dos header from C:\Windows\System32\sechost.dll
[0814/225009:ERROR:process_reader_win.cc(233)] ReadMemory at 0x76bd0000 of 64 bytes failed: 仅完成部分的 ReadProcessMemory 或 WriteProcessMemory 请求。 (0x12B)
[0814/225009:WARNING:pe_image_reader.cc(281)] could not read dos header from C:\Windows\System32\ucrtbase.dll
[0814/225009:ERROR:process_reader_win.cc(233)] ReadMemory at 0x77280000 of 64 bytes failed: 仅完成部分的 ReadProcessMemory 或 WriteProcessMemory 请求。 (0x12B)
[0814/225009:WARNING:pe_image_reader.cc(281)] could not read dos header from C:\Windows\System32\combase.dll
[0814/225009:ERROR:process_reader_win.cc(233)] ReadMemory at 0x74dd0000 of 64 bytes failed: 仅完成部分的 ReadProcessMemory 或 WriteProcessMemory 请求。 (0x12B)
[0814/225009:WARNING:pe_image_reader.cc(281)] could not read dos header from C:\Windows\System32\win32u.dll
[0814/225009:ERROR:process_reader_win.cc(233)] ReadMemory at 0x74df0000 of 64 bytes failed: 仅完成部分的 ReadProcessMemory 或 WriteProcessMemory 请求。 (0x12B)
[0814/225009:WARNING:pe_image_reader.cc(281)] could not read dos header from C:\Windows\System32\USER32.dll
[0814/225009:ERROR:process_reader_win.cc(233)] ReadMemory at 0x75050000 of 64 bytes failed: 仅完成部分的 ReadProcessMemory 或 WriteProcessMemory 请求。 (0x12B)
[0814/225009:WARNING:pe_image_reader.cc(281)] could not read dos header from C:\Windows\System32\gdi32full.dll
[0814/225009:ERROR:process_reader_win.cc(233)] ReadMemory at 0x75680000 of 64 bytes failed: 仅完成部分的 ReadProcessMemory 或 WriteProcessMemory 请求。 (0x12B)
[0814/225009:WARNING:pe_image_reader.cc(281)] could not read dos header from C:\Windows\System32\GDI32.dll
[0814/225009:ERROR:process_reader_win.cc(233)] ReadMemory at 0x778e0000 of 64 bytes failed: 仅完成部分的 ReadProcessMemory 或 WriteProcessMemory 请求。 (0x12B)
[0814/225009:WARNING:pe_image_reader.cc(281)] could not read dos header from C:\Windows\System32\IMM32.DLL
[0814/225009:ERROR:process_reader_win.cc(233)] ReadMemory at 0x77590000 of 64 bytes failed: 仅完成部分的 ReadProcessMemory 或 WriteProcessMemory 请求。 (0x12B)
[0814/225009:WARNING:pe_image_reader.cc(281)] could not read dos header from C:\Windows\System32\SHLWAPI.dll
[0814/225009:ERROR:process_reader_win.cc(233)] ReadMemory at 0x72a50000 of 64 bytes failed: 仅完成部分的 ReadProcessMemory 或 WriteProcessMemory 请求。 (0x12B)
[0814/225009:WARNING:pe_image_reader.cc(281)] could not read dos header from C:\Windows\SYSTEM32\UxTheme.dll
[0814/225009:ERROR:process_reader_win.cc(233)] ReadMemory at 0x774a0000 of 64 bytes failed: 仅完成部分的 ReadProcessMemory 或 WriteProcessMemory 请求。 (0x12B)
[0814/225009:WARNING:pe_image_reader.cc(281)] could not read dos header from C:\Windows\System32\cfgmgr32.dll
[0814/225009:ERROR:process_reader_win.cc(233)] ReadMemory at 0x743d0000 of 64 bytes failed: 仅完成部分的 ReadProcessMemory 或 WriteProcessMemory 请求。 (0x12B)
[0814/225009:WARNING:pe_image_reader.cc(281)] could not read dos header from C:\Windows\SYSTEM32\WINMMBASE.dll
[0814/225009:ERROR:process_reader_win.cc(233)] ReadMemory at 0x74400000 of 64 bytes failed: 仅完成部分的 ReadProcessMemory 或 WriteProcessMemory 请求。 (0x12B)
[0814/225009:WARNING:pe_image_reader.cc(281)] could not read dos header from C:\Windows\SYSTEM32\WINMM.dll
[0814/225009:ERROR:process_reader_win.cc(233)] ReadMemory at 0x74250000 of 64 bytes failed: 仅完成部分的 ReadProcessMemory 或 WriteProcessMemory 请求。 (0x12B)
[0814/225009:WARNING:pe_image_reader.cc(281)] could not read dos header from C:\Windows\SYSTEM32\samcli.dll
[0814/225009:ERROR:process_reader_win.cc(233)] ReadMemory at 0x74930000 of 64 bytes failed: 仅完成部分的 ReadProcessMemory 或 WriteProcessMemory 请求。 (0x12B)
[0814/225009:WARNING:pe_image_reader.cc(281)] could not read dos header from C:\Windows\System32\ole32.dll
[0814/225009:ERROR:process_reader_win.cc(233)] ReadMemory at 0x777c0000 of 64 bytes failed: 仅完成部分的 ReadProcessMemory 或 WriteProcessMemory 请求。 (0x12B)
[0814/225009:WARNING:pe_image_reader.cc(281)] could not read dos header from C:\Windows\System32\msvcp_win.dll
[0814/225009:ERROR:process_reader_win.cc(233)] ReadMemory at 0x774f0000 of 64 bytes failed: 仅完成部分的 ReadProcessMemory 或 WriteProcessMemory 请求。 (0x12B)
[0814/225009:WARNING:pe_image_reader.cc(281)] could not read dos header from C:\Windows\System32\OLEAUT32.dll
[0814/225009:ERROR:process_reader_win.cc(233)] ReadMemory at 0x77650000 of 64 bytes failed: 仅完成部分的 ReadProcessMemory 或 WriteProcessMemory 请求。 (0x12B)
[0814/225009:WARNING:pe_image_reader.cc(281)] could not read dos header from C:\Windows\System32\advapi32.dll
[0814/225009:ERROR:process_reader_win.cc(233)] ReadMemory at 0x735e0000 of 64 bytes failed: 仅完成部分的 ReadProcessMemory 或 WriteProcessMemory 请求。 (0x12B)
[0814/225009:WARNING:pe_image_reader.cc(281)] could not read dos header from C:\Windows\SYSTEM32\MSACM32.dll
[0814/225009:ERROR:process_reader_win.cc(233)] ReadMemory at 0x74810000 of 64 bytes failed: 仅完成部分的 ReadProcessMemory 或 WriteProcessMemory 请求。 (0x12B)
[0814/225009:WARNING:pe_image_reader.cc(281)] could not read dos header from C:\Windows\SYSTEM32\VERSION.dll
[0814/225009:ERROR:process_reader_win.cc(233)] ReadMemory at 0x74880000 of 64 bytes failed: 仅完成部分的 ReadProcessMemory 或 WriteProcessMemory 请求。 (0x12B)
[0814/225009:WARNING:pe_image_reader.cc(281)] could not read dos header from C:\Windows\System32\powrprof.dll
[0814/225009:ERROR:process_reader_win.cc(233)] ReadMemory at 0x77d20000 of 64 bytes failed: 仅完成部分的 ReadProcessMemory 或 WriteProcessMemory 请求。 (0x12B)
[0814/225009:WARNING:pe_image_reader.cc(281)] could not read dos header from C:\Windows\System32\kernel.appcore.dll
[0814/225009:ERROR:process_reader_win.cc(233)] ReadMemory at 0x776d0000 of 64 bytes failed: 仅完成部分的 ReadProcessMemory 或 WriteProcessMemory 请求。 (0x12B)
[0814/225009:WARNING:pe_image_reader.cc(281)] could not read dos header from C:\Windows\System32\shcore.dll
[0814/225009:ERROR:process_reader_win.cc(233)] ReadMemory at 0x775e0000 of 64 bytes failed: 仅完成部分的 ReadProcessMemory 或 WriteProcessMemory 请求。 (0x12B)
[0814/225009:WARNING:pe_image_reader.cc(281)] could not read dos header from C:\Windows\System32\profapi.dll
[0814/225009:ERROR:process_reader_win.cc(233)] ReadMemory at 0x76cc0000 of 64 bytes failed: 仅完成部分的 ReadProcessMemory 或 WriteProcessMemory 请求。 (0x12B)
[0814/225009:WARNING:pe_image_reader.cc(281)] could not read dos header from C:\Windows\System32\windows.storage.dll
[0814/225009:ERROR:process_reader_win.cc(233)] ReadMemory at 0x757f0000 of 64 bytes failed: 仅完成部分的 ReadProcessMemory 或 WriteProcessMemory 请求。 (0x12B)
[0814/225009:WARNING:pe_image_reader.cc(281)] could not read dos header from C:\Windows\System32\SHELL32.dll
[0814/225009:ERROR:process_reader_win.cc(233)] ReadMemory at 0x74830000 of 64 bytes failed: 仅完成部分的 ReadProcessMemory 或 WriteProcessMemory 请求。 (0x12B)
[0814/225009:WARNING:pe_image_reader.cc(281)] could not read dos header from C:\Windows\SYSTEM32\USERENV.dll
[0814/225009:ERROR:process_reader_win.cc(233)] ReadMemory at 0x72a30000 of 64 bytes failed: 仅完成部分的 ReadProcessMemory 或 WriteProcessMemory 请求。 (0x12B)
[0814/225009:WARNING:pe_image_reader.cc(281)] could not read dos header from C:\Windows\SYSTEM32\dwmapi.dll
[0814/225009:ERROR:process_reader_win.cc(233)] ReadMemory at 0x72c70000 of 64 bytes failed: 仅完成部分的 ReadProcessMemory 或 WriteProcessMemory 请求。 (0x12B)
[0814/225009:WARNING:pe_image_reader.cc(281)] could not read dos header from C:\Windows\SYSTEM32\iertutil.dll
[0814/225009:ERROR:process_reader_win.cc(233)] ReadMemory at 0x72ad0000 of 64 bytes failed: 仅完成部分的 ReadProcessMemory 或 WriteProcessMemory 请求。 (0x12B)
[0814/225009:WARNING:pe_image_reader.cc(281)] could not read dos header from C:\Windows\SYSTEM32\urlmon.dll
[0814/225009:ERROR:process_reader_win.cc(233)] ReadMemory at 0x73860000 of 64 bytes failed: 仅完成部分的 ReadProcessMemory 或 WriteProcessMemory 请求。 (0x12B)
[0814/225009:WARNING:pe_image_reader.cc(281)] could not read dos header from C:\Windows\SYSTEM32\bcrypt.dll
[0814/225009:ERROR:process_reader_win.cc(233)] ReadMemory at 0x72020000 of 64 bytes failed: 仅完成部分的 ReadProcessMemory 或 WriteProcessMemory 请求。 (0x12B)
[0814/225009:WARNING:pe_image_reader.cc(281)] could not read dos header from C:\Windows\SYSTEM32\WINSPOOL.DRV
[0814/225009:ERROR:process_reader_win.cc(233)] ReadMemory at 0x71670000 of 64 bytes failed: 仅完成部分的 ReadProcessMemory 或 WriteProcessMemory 请求。 (0x12B)
[0814/225009:WARNING:pe_image_reader.cc(281)] could not read dos header from C:\Windows\SYSTEM32\MPR.dll
[0814/225009:ERROR:process_reader_win.cc(233)] ReadMemory at 0x5f270000 of 64 bytes failed: 仅完成部分的 ReadProcessMemory 或 WriteProcessMemory 请求。 (0x12B)
[0814/225009:WARNING:pe_image_reader.cc(281)] could not read dos header from C:\Program Files (x86)\Google\Chrome\Application\55.0.2883.87\chrome_elf.dll
[0814/225009:ERROR:process_reader_win.cc(233)] ReadMemory at 0x75290000 of 64 bytes failed: 仅完成部分的 ReadProcessMemory 或 WriteProcessMemory 请求。 (0x12B)
[0814/225009:WARNING:pe_image_reader.cc(281)] could not read dos header from C:\Windows\System32\PSAPI.DLL
[0814/225009:ERROR:process_reader_win.cc(233)] ReadMemory at 0x74820000 of 64 bytes failed: 仅完成部分的 ReadProcessMemory 或 WriteProcessMemory 请求。 (0x12B)
[0814/225009:WARNING:pe_image_reader.cc(281)] could not read dos header from C:\Windows\SYSTEM32\WTSAPI32.dll
[0814/225009:ERROR:process_reader_win.cc(233)] ReadMemory at 0x74140000 of 64 bytes failed: 仅完成部分的 ReadProcessMemory 或 WriteProcessMemory 请求。 (0x12B)
[0814/225009:WARNING:pe_image_reader.cc(281)] could not read dos header from C:\Windows\SYSTEM32\WINHTTP.dll
[0814/225009:ERROR:process_reader_win.cc(233)] ReadMemory at 0x73590000 of 64 bytes failed: 仅完成部分的 ReadProcessMemory 或 WriteProcessMemory 请求。 (0x12B)
[0814/225009:WARNING:pe_image_reader.cc(281)] could not read dos header from C:\Windows\SYSTEM32\ninput.dll
[0814/225009:ERROR:process_reader_win.cc(233)] ReadMemory at 0x73ab0000 of 64 bytes failed: 仅完成部分的 ReadProcessMemory 或 WriteProcessMemory 请求。 (0x12B)
[0814/225009:WARNING:pe_image_reader.cc(281)] could not read dos header from C:\Windows\SYSTEM32\dbghelp.dll
[0814/225009:ERROR:process_reader_win.cc(233)] ReadMemory at 0x77d30000 of 64 bytes failed: 仅完成部分的 ReadProcessMemory 或 WriteProcessMemory 请求。 (0x12B)
[0814/225009:WARNING:pe_image_reader.cc(281)] could not read dos header from C:\Windows\System32\WS2_32.dll
[0814/225009:ERROR:process_reader_win.cc(233)] ReadMemory at 0x74700000 of 64 bytes failed: 仅完成部分的 ReadProcessMemory 或 WriteProcessMemory 请求。 (0x12B)
[0814/225009:WARNING:pe_image_reader.cc(281)] could not read dos header from C:\Windows\SYSTEM32\NETAPI32.dll
[0814/225009:ERROR:process_reader_win.cc(233)] ReadMemory at 0x72610000 of 64 bytes failed: 仅完成部分的 ReadProcessMemory 或 WriteProcessMemory 请求。 (0x12B)
[0814/225009:WARNING:pe_image_reader.cc(281)] could not read dos header from C:\Windows\SYSTEM32\WKSCLI.DLL
[0814/225009:ERROR:process_reader_win.cc(233)] ReadMemory at 0x74240000 of 64 bytes failed: 仅完成部分的 ReadProcessMemory 或 WriteProcessMemory 请求。 (0x12B)
[0814/225009:WARNING:pe_image_reader.cc(281)] could not read dos header from C:\Windows\SYSTEM32\NETUTILS.DLL
[0814/225009:ERROR:process_reader_win.cc(233)] ReadMemory at 0x6f110000 of 64 bytes failed: 仅完成部分的 ReadProcessMemory 或 WriteProcessMemory 请求。 (0x12B)
[0814/225009:WARNING:pe_image_reader.cc(281)] could not read dos header from E:\360\360Safe\safemon\safemon.dll
[0814/225009:ERROR:process_reader_win.cc(233)] ReadMemory at 0x5f230000 of 64 bytes failed: 仅完成部分的 ReadProcessMemory 或 WriteProcessMemory 请求。 (0x12B)
[0814/225009:WARNING:pe_image_reader.cc(281)] could not read dos header from E:\360\360Safe\safemon\iNetSafe.dll
[0814/225009:ERROR:process_reader_win.cc(233)] ReadMemory at 0x723d0000 of 64 bytes failed: 仅完成部分的 ReadProcessMemory 或 WriteProcessMemory 请求。 (0x12B)
[0814/225009:WARNING:pe_image_reader.cc(281)] could not read dos header from C:\Windows\WinSxS\x86_microsoft.windows.common-controls_6595b64144ccf1df_6.0.14393.953_none_89c2555adb023171\COMCTL32.dll
[0814/225009:ERROR:process_reader_win.cc(233)] ReadMemory at 0x74b30000 of 64 bytes failed: 仅完成部分的 ReadProcessMemory 或 WriteProcessMemory 请求。 (0x12B)
[0814/225009:WARNING:pe_image_reader.cc(281)] could not read dos header from C:\Windows\System32\COMDLG32.dll
[0814/225009:ERROR:process_reader_win.cc(233)] ReadMemory at 0x72660000 of 64 bytes failed: 仅完成部分的 ReadProcessMemory 或 WriteProcessMemory 请求。 (0x12B)
[0814/225009:WARNING:pe_image_reader.cc(281)] could not read dos header from C:\Windows\SYSTEM32\USP10.dll
[0814/225009:ERROR:process_reader_win.cc(233)] ReadMemory at 0x746d0000 of 64 bytes failed: 仅完成部分的 ReadProcessMemory 或 WriteProcessMemory 请求。 (0x12B)
[0814/225009:WARNING:pe_image_reader.cc(281)] could not read dos header from C:\Windows\SYSTEM32\IPHLPAPI.DLL
[0814/225009:ERROR:process_reader_win.cc(233)] ReadMemory at 0x74380000 of 64 bytes failed: 仅完成部分的 ReadProcessMemory 或 WriteProcessMemory 请求。 (0x12B)
[0814/225009:WARNING:pe_image_reader.cc(281)] could not read dos header from C:\Windows\SYSTEM32\Secur32.dll
[0814/225009:ERROR:process_reader_win.cc(233)] ReadMemory at 0x6de10000 of 64 bytes failed: 仅完成部分的 ReadProcessMemory 或 WriteProcessMemory 请求。 (0x12B)
[0814/225009:WARNING:pe_image_reader.cc(281)] could not read dos header from C:\Windows\SYSTEM32\DWrite.dll
[0814/225009:ERROR:process_reader_win.cc(233)] ReadMemory at 0x76cb0000 of 64 bytes failed: 仅完成部分的 ReadProcessMemory 或 WriteProcessMemory 请求。 (0x12B)
[0814/225009:WARNING:pe_image_reader.cc(281)] could not read dos header from C:\Windows\System32\MSASN1.dll
[0814/225009:ERROR:process_reader_win.cc(233)] ReadMemory at 0x75370000 of 64 bytes failed: 仅完成部分的 ReadProcessMemory 或 WriteProcessMemory 请求。 (0x12B)
[0814/225009:WARNING:pe_image_reader.cc(281)] could not read dos header from C:\Windows\System32\CRYPT32.dll
[0814/225009:ERROR:process_reader_win.cc(233)] ReadMemory at 0x77230000 of 64 bytes failed: 仅完成部分的 ReadProcessMemory 或 WriteProcessMemory 请求。 (0x12B)
[0814/225009:WARNING:pe_image_reader.cc(281)] could not read dos header from C:\Windows\System32\WINTRUST.dll
[0814/225009:ERROR:process_reader_win.cc(233)] ReadMemory at 0x59ae0000 of 64 bytes failed: 仅完成部分的 ReadProcessMemory 或 WriteProcessMemory 请求。 (0x12B)
[0814/225009:WARNING:pe_image_reader.cc(281)] could not read dos header from C:\Program Files (x86)\Google\Chrome\Application\55.0.2883.87\chrome_child.dll
[0814/225009:ERROR:process_reader_win.cc(233)] ReadMemory at 0x950000 of 64 bytes failed: 仅完成部分的 ReadProcessMemory 或 WriteProcessMemory 请求。 (0x12B)
[0814/225009:WARNING:pe_image_reader.cc(281)] could not read dos header from C:\Program Files (x86)\Google\Chrome\Application\chrome.exe
[0814/225009:ERROR:process_reader_win.cc(233)] ReadMemory at 0x74c20000 of 64 bytes failed: 仅完成部分的 ReadProcessMemory 或 WriteProcessMemory 请求。 (0x12B)
[0814/225009:WARNING:pe_image_reader.cc(281)] could not read dos header from C:\Windows\System32\KERNELBASE.dll
[0814/225009:ERROR:process_reader_win.cc(233)] ReadMemory at 0x751b0000 of 64 bytes failed: 仅完成部分的 ReadProcessMemory 或 WriteProcessMemory 请求。 (0x12B)
[0814/225009:WARNING:pe_image_reader.cc(281)] could not read dos header from C:\Windows\System32\KERNEL32.DLL
[0814/225009:ERROR:process_reader_win.cc(233)] ReadMemory at 0x6ce90000 of 64 bytes failed: 仅完成部分的 ReadProcessMemory 或 WriteProcessMemory 请求。 (0x12B)
[0814/225009:WARNING:pe_image_reader.cc(281)] could not read dos header from C:\Windows\AppPatch\AcGenral.dll
[0814/225009:ERROR:process_reader_win.cc(233)] ReadMemory at 0x77da0000 of 64 bytes failed: 仅完成部分的 ReadProcessMemory 或 WriteProcessMemory 请求。 (0x12B)
[0814/225009:WARNING:pe_image_reader.cc(281)] could not read dos header from C:\Windows\SYSTEM32\ntdll.dll
[0814/225009:ERROR:process_reader_win.cc(233)] ReadMemory at 0x6d530000 of 64 bytes failed: 仅完成部分的 ReadProcessMemory 或 WriteProcessMemory 请求。 (0x12B)
[0814/225009:WARNING:pe_image_reader.cc(281)] could not read dos header from C:\Windows\system32\apphelp.dll
[0814/225009:ERROR:process_reader_win.cc(233)] ReadMemory at 0x74a20000 of 64 bytes failed: 仅完成部分的 ReadProcessMemory 或 WriteProcessMemory 请求。 (0x12B)
[0814/225009:WARNING:pe_image_reader.cc(281)] could not read dos header from C:\Windows\System32\msvcrt.dll
[0814/225009:ERROR:process_reader_win.cc(233)] ReadMemory at 0x74f60000 of 64 bytes failed: 仅完成部分的 ReadProcessMemory 或 WriteProcessMemory 请求。 (0x12B)
[0814/225009:WARNING:pe_image_reader.cc(281)] could not read dos header from C:\Windows\System32\bcryptPrimitives.dll
[0814/225009:ERROR:process_reader_win.cc(233)] ReadMemory at 0x74850000 of 64 bytes failed: 仅完成部分的 ReadProcessMemory 或 WriteProcessMemory 请求。 (0x12B)
[0814/225009:WARNING:pe_image_reader.cc(281)] could not read dos header from C:\Windows\System32\CRYPTBASE.dll
[0814/225009:ERROR:process_reader_win.cc(233)] ReadMemory at 0x74860000 of 64 bytes failed: 仅完成部分的 ReadProcessMemory 或 WriteProcessMemory 请求。 (0x12B)
[0814/225009:WARNING:pe_image_reader.cc(281)] could not read dos header from C:\Windows\System32\SspiCli.dll
[0814/225009:ERROR:process_reader_win.cc(233)] ReadMemory at 0x752a0000 of 64 bytes failed: 仅完成部分的 ReadProcessMemory 或 WriteProcessMemory 请求。 (0x12B)
[0814/225009:WARNING:pe_image_reader.cc(281)] could not read dos header from C:\Windows\System32\RPCRT4.dll
[0814/225009:ERROR:process_reader_win.cc(233)] ReadMemory at 0x74ae0000 of 64 bytes failed: 仅完成部分的 ReadProcessMemory 或 WriteProcessMemory 请求。 (0x12B)
[0814/225009:WARNING:pe_image_reader.cc(281)] could not read dos header from C:\Windows\System32\sechost.dll
[0814/225009:ERROR:process_reader_win.cc(233)] ReadMemory at 0x76bd0000 of 64 bytes failed: 仅完成部分的 ReadProcessMemory 或 WriteProcessMemory 请求。 (0x12B)
[0814/225009:WARNING:pe_image_reader.cc(281)] could not read dos header from C:\Windows\System32\ucrtbase.dll
[0814/225009:ERROR:process_reader_win.cc(233)] ReadMemory at 0x77280000 of 64 bytes failed: 仅完成部分的 ReadProcessMemory 或 WriteProcessMemory 请求。 (0x12B)
[0814/225009:WARNING:pe_image_reader.cc(281)] could not read dos header from C:\Windows\System32\combase.dll
[0814/225009:ERROR:process_reader_win.cc(233)] ReadMemory at 0x74dd0000 of 64 bytes failed: 仅完成部分的 ReadProcessMemory 或 WriteProcessMemory 请求。 (0x12B)
[0814/225009:WARNING:pe_image_reader.cc(281)] could not read dos header from C:\Windows\System32\win32u.dll
[0814/225009:ERROR:process_reader_win.cc(233)] ReadMemory at 0x74df0000 of 64 bytes failed: 仅完成部分的 ReadProcessMemory 或 WriteProcessMemory 请求。 (0x12B)
[0814/225009:WARNING:pe_image_reader.cc(281)] could not read dos header from C:\Windows\System32\USER32.dll
[0814/225009:ERROR:process_reader_win.cc(233)] ReadMemory at 0x75050000 of 64 bytes failed: 仅完成部分的 ReadProcessMemory 或 WriteProcessMemory 请求。 (0x12B)
[0814/225009:WARNING:pe_image_reader.cc(281)] could not read dos header from C:\Windows\System32\gdi32full.dll
[0814/225009:ERROR:process_reader_win.cc(233)] ReadMemory at 0x75680000 of 64 bytes failed: 仅完成部分的 ReadProcessMemory 或 WriteProcessMemory 请求。 (0x12B)
[0814/225009:WARNING:pe_image_reader.cc(281)] could not read dos header from C:\Windows\System32\GDI32.dll
[0814/225009:ERROR:process_reader_win.cc(233)] ReadMemory at 0x778e0000 of 64 bytes failed: 仅完成部分的 ReadProcessMemory 或 WriteProcessMemory 请求。 (0x12B)
[0814/225009:WARNING:pe_image_reader.cc(281)] could not read dos header from C:\Windows\System32\IMM32.DLL
[0814/225009:ERROR:process_reader_win.cc(233)] ReadMemory at 0x77590000 of 64 bytes failed: 仅完成部分的 ReadProcessMemory 或 WriteProcessMemory 请求。 (0x12B)
[0814/225009:WARNING:pe_image_reader.cc(281)] could not read dos header from C:\Windows\System32\SHLWAPI.dll
[0814/225009:ERROR:process_reader_win.cc(233)] ReadMemory at 0x72a50000 of 64 bytes failed: 仅完成部分的 ReadProcessMemory 或 WriteProcessMemory 请求。 (0x12B)
[0814/225009:WARNING:pe_image_reader.cc(281)] could not read dos header from C:\Windows\SYSTEM32\UxTheme.dll
[0814/225009:ERROR:process_reader_win.cc(233)] ReadMemory at 0x774a0000 of 64 bytes failed: 仅完成部分的 ReadProcessMemory 或 WriteProcessMemory 请求。 (0x12B)
[0814/225009:WARNING:pe_image_reader.cc(281)] could not read dos header from C:\Windows\System32\cfgmgr32.dll
[0814/225009:ERROR:process_reader_win.cc(233)] ReadMemory at 0x743d0000 of 64 bytes failed: 仅完成部分的 ReadProcessMemory 或 WriteProcessMemory 请求。 (0x12B)
[0814/225009:WARNING:pe_image_reader.cc(281)] could not read dos header from C:\Windows\SYSTEM32\WINMMBASE.dll
[0814/225009:ERROR:process_reader_win.cc(233)] ReadMemory at 0x74400000 of 64 bytes failed: 仅完成部分的 ReadProcessMemory 或 WriteProcessMemory 请求。 (0x12B)
[0814/225009:WARNING:pe_image_reader.cc(281)] could not read dos header from C:\Windows\SYSTEM32\WINMM.dll
[0814/225009:ERROR:process_reader_win.cc(233)] ReadMemory at 0x74250000 of 64 bytes failed: 仅完成部分的 ReadProcessMemory 或 WriteProcessMemory 请求。 (0x12B)
[0814/225009:WARNING:pe_image_reader.cc(281)] could not read dos header from C:\Windows\SYSTEM32\samcli.dll
[0814/225009:ERROR:process_reader_win.cc(233)] ReadMemory at 0x74930000 of 64 bytes failed: 仅完成部分的 ReadProcessMemory 或 WriteProcessMemory 请求。 (0x12B)
[0814/225009:WARNING:pe_image_reader.cc(281)] could not read dos header from C:\Windows\System32\ole32.dll
[0814/225009:ERROR:process_reader_win.cc(233)] ReadMemory at 0x777c0000 of 64 bytes failed: 仅完成部分的 ReadProcessMemory 或 WriteProcessMemory 请求。 (0x12B)
[0814/225009:WARNING:pe_image_reader.cc(281)] could not read dos header from C:\Windows\System32\msvcp_win.dll
[0814/225009:ERROR:process_reader_win.cc(233)] ReadMemory at 0x774f0000 of 64 bytes failed: 仅完成部分的 ReadProcessMemory 或 WriteProcessMemory 请求。 (0x12B)
[0814/225009:WARNING:pe_image_reader.cc(281)] could not read dos header from C:\Windows\System32\OLEAUT32.dll
[0814/225009:ERROR:process_reader_win.cc(233)] ReadMemory at 0x77650000 of 64 bytes failed: 仅完成部分的 ReadProcessMemory 或 WriteProcessMemory 请求。 (0x12B)
[0814/225009:WARNING:pe_image_reader.cc(281)] could not read dos header from C:\Windows\System32\advapi32.dll
[0814/225009:ERROR:process_reader_win.cc(233)] ReadMemory at 0x735e0000 of 64 bytes failed: 仅完成部分的 ReadProcessMemory 或 WriteProcessMemory 请求。 (0x12B)
[0814/225009:WARNING:pe_image_reader.cc(281)] could not read dos header from C:\Windows\SYSTEM32\MSACM32.dll
[0814/225009:ERROR:process_reader_win.cc(233)] ReadMemory at 0x74810000 of 64 bytes failed: 仅完成部分的 ReadProcessMemory 或 WriteProcessMemory 请求。 (0x12B)
[0814/225009:WARNING:pe_image_reader.cc(281)] could not read dos header from C:\Windows\SYSTEM32\VERSION.dll
[0814/225009:ERROR:process_reader_win.cc(233)] ReadMemory at 0x74880000 of 64 bytes failed: 仅完成部分的 ReadProcessMemory 或 WriteProcessMemory 请求。 (0x12B)
[0814/225009:WARNING:pe_image_reader.cc(281)] could not read dos header from C:\Windows\System32\powrprof.dll
[0814/225009:ERROR:process_reader_win.cc(233)] ReadMemory at 0x77d20000 of 64 bytes failed: 仅完成部分的 ReadProcessMemory 或 WriteProcessMemory 请求。 (0x12B)
[0814/225009:WARNING:pe_image_reader.cc(281)] could not read dos header from C:\Windows\System32\kernel.appcore.dll
[0814/225009:ERROR:process_reader_win.cc(233)] ReadMemory at 0x776d0000 of 64 bytes failed: 仅完成部分的 ReadProcessMemory 或 WriteProcessMemory 请求。 (0x12B)
[0814/225009:WARNING:pe_image_reader.cc(281)] could not read dos header from C:\Windows\System32\shcore.dll
[0814/225009:ERROR:process_reader_win.cc(233)] ReadMemory at 0x775e0000 of 64 bytes failed: 仅完成部分的 ReadProcessMemory 或 WriteProcessMemory 请求。 (0x12B)
[0814/225009:WARNING:pe_image_reader.cc(281)] could not read dos header from C:\Windows\System32\profapi.dll
[0814/225009:ERROR:process_reader_win.cc(233)] ReadMemory at 0x76cc0000 of 64 bytes failed: 仅完成部分的 ReadProcessMemory 或 WriteProcessMemory 请求。 (0x12B)
[0814/225009:WARNING:pe_image_reader.cc(281)] could not read dos header from C:\Windows\System32\windows.storage.dll
[0814/225009:ERROR:process_reader_win.cc(233)] ReadMemory at 0x757f0000 of 64 bytes failed: 仅完成部分的 ReadProcessMemory 或 WriteProcessMemory 请求。 (0x12B)
[0814/225009:WARNING:pe_image_reader.cc(281)] could not read dos header from C:\Windows\System32\SHELL32.dll
[0814/225009:ERROR:process_reader_win.cc(233)] ReadMemory at 0x74830000 of 64 bytes failed: 仅完成部分的 ReadProcessMemory 或 WriteProcessMemory 请求。 (0x12B)
[0814/225009:WARNING:pe_image_reader.cc(281)] could not read dos header from C:\Windows\SYSTEM32\USERENV.dll
[0814/225009:ERROR:process_reader_win.cc(233)] ReadMemory at 0x72a30000 of 64 bytes failed: 仅完成部分的 ReadProcessMemory 或 WriteProcessMemory 请求。 (0x12B)
[0814/225009:WARNING:pe_image_reader.cc(281)] could not read dos header from C:\Windows\SYSTEM32\dwmapi.dll
[0814/225009:ERROR:process_reader_win.cc(233)] ReadMemory at 0x72c70000 of 64 bytes failed: 仅完成部分的 ReadProcessMemory 或 WriteProcessMemory 请求。 (0x12B)
[0814/225009:WARNING:pe_image_reader.cc(281)] could not read dos header from C:\Windows\SYSTEM32\iertutil.dll
[0814/225009:ERROR:process_reader_win.cc(233)] ReadMemory at 0x72ad0000 of 64 bytes failed: 仅完成部分的 ReadProcessMemory 或 WriteProcessMemory 请求。 (0x12B)
[0814/225009:WARNING:pe_image_reader.cc(281)] could not read dos header from C:\Windows\SYSTEM32\urlmon.dll
[0814/225009:ERROR:process_reader_win.cc(233)] ReadMemory at 0x73860000 of 64 bytes failed: 仅完成部分的 ReadProcessMemory 或 WriteProcessMemory 请求。 (0x12B)
[0814/225009:WARNING:pe_image_reader.cc(281)] could not read dos header from C:\Windows\SYSTEM32\bcrypt.dll
[0814/225009:ERROR:process_reader_win.cc(233)] ReadMemory at 0x72020000 of 64 bytes failed: 仅完成部分的 ReadProcessMemory 或 WriteProcessMemory 请求。 (0x12B)
[0814/225009:WARNING:pe_image_reader.cc(281)] could not read dos header from C:\Windows\SYSTEM32\WINSPOOL.DRV
[0814/225009:ERROR:process_reader_win.cc(233)] ReadMemory at 0x71670000 of 64 bytes failed: 仅完成部分的 ReadProcessMemory 或 WriteProcessMemory 请求。 (0x12B)
[0814/225009:WARNING:pe_image_reader.cc(281)] could not read dos header from C:\Windows\SYSTEM32\MPR.dll
[0814/225009:ERROR:process_reader_win.cc(233)] ReadMemory at 0x5f270000 of 64 bytes failed: 仅完成部分的 ReadProcessMemory 或 WriteProcessMemory 请求。 (0x12B)
[0814/225009:WARNING:pe_image_reader.cc(281)] could not read dos header from C:\Program Files (x86)\Google\Chrome\Application\55.0.2883.87\chrome_elf.dll
[0814/225009:ERROR:process_reader_win.cc(233)] ReadMemory at 0x75290000 of 64 bytes failed: 仅完成部分的 ReadProcessMemory 或 WriteProcessMemory 请求。 (0x12B)
[0814/225009:WARNING:pe_image_reader.cc(281)] could not read dos header from C:\Windows\System32\PSAPI.DLL
[0814/225009:ERROR:process_reader_win.cc(233)] ReadMemory at 0x74820000 of 64 bytes failed: 仅完成部分的 ReadProcessMemory 或 WriteProcessMemory 请求。 (0x12B)
[0814/225009:WARNING:pe_image_reader.cc(281)] could not read dos header from C:\Windows\SYSTEM32\WTSAPI32.dll
[0814/225009:ERROR:process_reader_win.cc(233)] ReadMemory at 0x74140000 of 64 bytes failed: 仅完成部分的 ReadProcessMemory 或 WriteProcessMemory 请求。 (0x12B)
[0814/225009:WARNING:pe_image_reader.cc(281)] could not read dos header from C:\Windows\SYSTEM32\WINHTTP.dll
[0814/225009:ERROR:process_reader_win.cc(233)] ReadMemory at 0x73590000 of 64 bytes failed: 仅完成部分的 ReadProcessMemory 或 WriteProcessMemory 请求。 (0x12B)
[0814/225009:WARNING:pe_image_reader.cc(281)] could not read dos header from C:\Windows\SYSTEM32\ninput.dll
[0814/225009:ERROR:process_reader_win.cc(233)] ReadMemory at 0x73ab0000 of 64 bytes failed: 仅完成部分的 ReadProcessMemory 或 WriteProcessMemory 请求。 (0x12B)
[0814/225009:WARNING:pe_image_reader.cc(281)] could not read dos header from C:\Windows\SYSTEM32\dbghelp.dll
[0814/225009:ERROR:process_reader_win.cc(233)] ReadMemory at 0x77d30000 of 64 bytes failed: 仅完成部分的 ReadProcessMemory 或 WriteProcessMemory 请求。 (0x12B)
[0814/225009:WARNING:pe_image_reader.cc(281)] could not read dos header from C:\Windows\System32\WS2_32.dll
[0814/225009:ERROR:process_reader_win.cc(233)] ReadMemory at 0x74700000 of 64 bytes failed: 仅完成部分的 ReadProcessMemory 或 WriteProcessMemory 请求。 (0x12B)
[0814/225009:WARNING:pe_image_reader.cc(281)] could not read dos header from C:\Windows\SYSTEM32\NETAPI32.dll
[0814/225009:ERROR:process_reader_win.cc(233)] ReadMemory at 0x72610000 of 64 bytes failed: 仅完成部分的 ReadProcessMemory 或 WriteProcessMemory 请求。 (0x12B)
[0814/225009:WARNING:pe_image_reader.cc(281)] could not read dos header from C:\Windows\SYSTEM32\WKSCLI.DLL
[0814/225009:ERROR:process_reader_win.cc(233)] ReadMemory at 0x74240000 of 64 bytes failed: 仅完成部分的 ReadProcessMemory 或 WriteProcessMemory 请求。 (0x12B)
[0814/225009:WARNING:pe_image_reader.cc(281)] could not read dos header from C:\Windows\SYSTEM32\NETUTILS.DLL
[0814/225009:ERROR:process_reader_win.cc(233)] ReadMemory at 0x6f110000 of 64 bytes failed: 仅完成部分的 ReadProcessMemory 或 WriteProcessMemory 请求。 (0x12B)
[0814/225009:WARNING:pe_image_reader.cc(281)] could not read dos header from E:\360\360Safe\safemon\safemon.dll
[0814/225009:ERROR:process_reader_win.cc(233)] ReadMemory at 0x5f230000 of 64 bytes failed: 仅完成部分的 ReadProcessMemory 或 WriteProcessMemory 请求。 (0x12B)
[0814/225009:WARNING:pe_image_reader.cc(281)] could not read dos header from E:\360\360Safe\safemon\iNetSafe.dll
[0814/225009:ERROR:process_reader_win.cc(233)] ReadMemory at 0x723d0000 of 64 bytes failed: 仅完成部分的 ReadProcessMemory 或 WriteProcessMemory 请求。 (0x12B)
[0814/225009:WARNING:pe_image_reader.cc(281)] could not read dos header from C:\Windows\WinSxS\x86_microsoft.windows.common-controls_6595b64144ccf1df_6.0.14393.953_none_89c2555adb023171\COMCTL32.dll
[0814/225009:ERROR:process_reader_win.cc(233)] ReadMemory at 0x74b30000 of 64 bytes failed: 仅完成部分的 ReadProcessMemory 或 WriteProcessMemory 请求。 (0x12B)
[0814/225009:WARNING:pe_image_reader.cc(281)] could not read dos header from C:\Windows\System32\COMDLG32.dll
[0814/225009:ERROR:process_reader_win.cc(233)] ReadMemory at 0x72660000 of 64 bytes failed: 仅完成部分的 ReadProcessMemory 或 WriteProcessMemory 请求。 (0x12B)
[0814/225009:WARNING:pe_image_reader.cc(281)] could not read dos header from C:\Windows\SYSTEM32\USP10.dll
[0814/225009:ERROR:process_reader_win.cc(233)] ReadMemory at 0x746d0000 of 64 bytes failed: 仅完成部分的 ReadProcessMemory 或 WriteProcessMemory 请求。 (0x12B)
[0814/225009:WARNING:pe_image_reader.cc(281)] could not read dos header from C:\Windows\SYSTEM32\IPHLPAPI.DLL
[0814/225009:ERROR:process_reader_win.cc(233)] ReadMemory at 0x74380000 of 64 bytes failed: 仅完成部分的 ReadProcessMemory 或 WriteProcessMemory 请求。 (0x12B)
[0814/225009:WARNING:pe_image_reader.cc(281)] could not read dos header from C:\Windows\SYSTEM32\Secur32.dll
[0814/225009:ERROR:process_reader_win.cc(233)] ReadMemory at 0x6de10000 of 64 bytes failed: 仅完成部分的 ReadProcessMemory 或 WriteProcessMemory 请求。 (0x12B)
[0814/225009:WARNING:pe_image_reader.cc(281)] could not read dos header from C:\Windows\SYSTEM32\DWrite.dll
[0814/225009:ERROR:process_reader_win.cc(233)] ReadMemory at 0x76cb0000 of 64 bytes failed: 仅完成部分的 ReadProcessMemory 或 WriteProcessMemory 请求。 (0x12B)
[0814/225009:WARNING:pe_image_reader.cc(281)] could not read dos header from C:\Windows\System32\MSASN1.dll
[0814/225009:ERROR:process_reader_win.cc(233)] ReadMemory at 0x75370000 of 64 bytes failed: 仅完成部分的 ReadProcessMemory 或 WriteProcessMemory 请求。 (0x12B)
[0814/225009:WARNING:pe_image_reader.cc(281)] could not read dos header from C:\Windows\System32\CRYPT32.dll
[0814/225009:ERROR:process_reader_win.cc(233)] ReadMemory at 0x77230000 of 64 bytes failed: 仅完成部分的 ReadProcessMemory 或 WriteProcessMemory 请求。 (0x12B)
[0814/225009:WARNING:pe_image_reader.cc(281)] could not read dos header from C:\Windows\System32\WINTRUST.dll
[0814/225009:ERROR:process_reader_win.cc(233)] ReadMemory at 0x59ae0000 of 64 bytes failed: 仅完成部分的 ReadProcessMemory 或 WriteProcessMemory 请求。 (0x12B)
[0814/225009:WARNING:pe_image_reader.cc(281)] could not read dos header from C:\Program Files (x86)\Google\Chrome\Application\55.0.2883.87\chrome_child.dll
[0814/225009:ERROR:process_reader_win.cc(233)] ReadMemory at 0x7f6000 of 40960 bytes failed: 仅完成部分的 ReadProcessMemory 或 WriteProcessMemory 请求。 (0x12B)
[0814/225009:ERROR:crash_report_exception_handler.cc(112)] WriteEverything failed
[0814/225009:ERROR:scoped_process_suspend.cc(38)] NtResumeProcess: 已尝试访问正在退出的过程。  (0xc000010a)
